.T$$ && \
	mv -f ar.1.T$$ ar.1) || (rm -f ar.1.T$$ && exit 1)
touch dlltool.1
perl ../../../binutils/../etc/texi2pod.pl -I "../../../binutils/doc" -I "../../../binutils/../libiberty" -I "../../../binutils/../bfd/doc" -I ../../bfd/doc -Dman -Ddlltool < ../../../binutils/doc/binutils.texi > dlltool.pod
(pod2man --center="GNU Development Tools" --release="binutils-2.30.0" --section=1 dlltool.pod | sed -e '/^.if n .na/d' > dlltool.1.T$$ && \
	mv -f dlltool.1.T$$ dlltool.1) || (rm -f dlltool.1.T$$ && exit 1)
touch nlmconv.1
perl ../../../binutils/../etc/texi2pod.pl -I "../../../binutils/doc" -I "../../../binutils/../libiberty" -I "../../../binutils/../bfd/doc" -I ../../bfd/doc -Dman -Dnlmconv < ../../../binutils/doc/binutils.texi > nlmconv.pod
(pod2man --center="GNU Development Tools" --release="binutils-2.30.0" --section=1 nlmconv.pod | sed -e '/^.if n .na/d' > nlmconv.1.T$$ && \
	mv -f nlmconv.1.T$$ nlmconv.1) || (rm -f nlmconv.1.T$$ && exit 1)
gcc  -DHAVE_CONFIG_H -I. -I../../gprof  -DDEBUG -I../bfd -I../../gprof/../include -I../../gprof/../bfd  -I. -DLOCALEDIR="\"/home/build/build/tmp/work/x86_64-linux/binutils-cross-i586/2.30-r0/recipe-sysroot-native/usr/share/locale\"" -isystem/home/build/build/tmp/work/x86_64-linux/binutils-cross-i586/2.30-r0/recipe-sysroot-native/usr/include -W -Wall -Wstrict-prototypes -Wmissing-prototypes -Wshadow -Wstack-usage=262144 -isystem/home/build/build/tmp/work/x86_64-linux/binutils-cross-i586/2.30-r0/recipe-sysroot-native/usr/include -O2 -pipe -c ../../gprof/gprof.c
rm -f ar.pod
gcc  -DHAVE_CONFIG_H -I. -I../../gprof  -DDEBUG -I../bfd -I../../gprof/../include -I../../gprof/../bfd  -I. -DLOCALEDIR="\"/home/build/build/tmp/work/x86_64-linux/binutils-cross-i586/2.30-r0/recipe-sysroot-native/usr/share/locale\"" -isystem/home/build/build/tmp/work/x86_64-linux/binutils-cross-i586/2.30-r0/recipe-sysroot-native/usr/include -W -Wall -Wstrict-prototypes -Wmissing-prototypes -Wshadow -Wstack-usage=262144 -isystem/home/build/build/tmp/work/x86_64-linux/binutils-cross-i586/2.30-r0/recipe-sysroot-native/usr/include -O2 -pipe -c ../../gprof/hertz.c
gcc  -DHAVE_CONFIG_H -I. -I../../gprof  -DDEBUG -I../bfd -I../../gprof/../include -I../../gprof/../bfd  -I. -DLOCALEDIR="\"/home/build/build/tmp/work/x86_64-linux/binutils-cross-i586/2.30-r0/recipe-sysroot-native/usr/share/locale\"" -isystem/home/build/build/tmp/work/x86_64-linux/binutils-cross-i586/2.30-r0/recipe-sysroot-native/usr/include -W -Wall -Wstrict-prototypes -Wmissing-prototypes -Wshadow -Wstack-usage=262144 -isystem/home/build/build/tmp/work/x86_64-linux/binutils-cross-i586/2.30-r0/recipe-sysroot-native/usr/include -O2 -pipe -c ../../gprof/hist.c
rm -f dlltool.pod
rm -f nlmconv.pod
g++  -DHAVE_CONFIG_H -I. -I../../gold  -I../../gold -I../../gold/../include -I../../gold/../elfcpp -DLOCALEDIR="\"/home/build/build/tmp/work/x86_64-linux/binutils-cross-i586/2.30-r0/recipe-sysroot-native/usr/share/locale\"" -DBINDIR="\"/home/build/build/tmp/work/x86_64-linux/binutils-cross-i586/2.30-r0/recipe-sysroot-native/usr/bin/i586-poky-linux\"" -DTOOLBINDIR="\"/home/build/build/tmp/work/x86_64-linux/binutils-cross-i586/2.30-r0/recipe-sysroot-native/usr/i586-poky-linux/bin\"" -DTOOLLIBDIR="\"/home/build/build/tmp/work/x86_64-linux/binutils-cross-i586/2.30-r0/recipe-sysroot-native/usr/i586-poky-linux/lib\""  -isystem/home/build/build/tmp/work/x86_64-linux/binutils-cross-i586/2.30-r0/recipe-sysroot-native/usr/include -W -Wall    -Wstack-usage=262144 -D_LARGEFILE_SOURCE -D_FILE_OFFSET_BITS=64 -frandom-seed=common.o -I../../gold/../zlib -isystem/home/build/build/tmp/work/x86_64-linux/binutils-cross-i586/2.30-r0/recipe-sysroot-native/usr/include -O2 -pipe -c -o common.o ../../gold/common.cc
touch nm.1
touch objcopy.1
perl ../../../binutils/../etc/texi2pod.pl -I "../../../binutils/doc" -I "../../../binutils/../libiberty" -I "../../../binutils/../bfd/doc" -I ../../bfd/doc -Dman -Dobjcopy < ../../../binutils/doc/binutils.texi > objcopy.pod
gcc  -DHAVE_CONFIG_H -I. -I../../gprof  -DDEBUG -I../bfd -I../../gprof/../include -I../../gprof/../bfd  -I. -DLOCALEDIR="\"/home/build/build/tmp/work/x86_64-linux/binutils-cross-i586/2.30-r0/recipe-sysroot-native/usr/share/locale\"" -isystem/home/build/build/tmp/work/x86_64-linux/binutils-cross-i586/2.30-r0/recipe-sysroot-native/usr/include -W -Wall -Wstrict-prototypes -Wmissing-prototypes -Wshadow -Wstack-usage=262144 -isystem/home/build/build/tmp/work/x86_64-linux/binutils-cross-i586/2.30-r0/recipe-sysroot-native/usr/include -O2 -pipe -c ../../gprof/source.c
perl ../../../binutils/../etc/texi2pod.pl -I "../../../binutils/doc" -I "../../../binutils/../libiberty" -I "../../../binutils/../bfd/doc" -I ../../bfd/doc -Dman -Dnm < ../../../binutils/doc/binutils.texi > nm.pod
(pod2man --center="GNU Development Tools" --release="binutils-2.30.0" --section=1 nm.pod | sed -e '/^.if n .na/d' > nm.1.T$$ && \
	mv -f nm.1.T$$ nm.1) || (rm -f nm.1.T$$ && exit 1)
(pod2man --center="GNU Development Tools" --release="binutils-2.30.0" --section=1 objcopy.pod | sed -e '/^.if n .na/d' > objcopy.1.T$$ && \
	mv -f objcopy.1.T$$ objcopy.1) || (rm -f objcopy.1.T$$ && exit 1)
touch objdump.1
perl ../../../binutils/../etc/texi2pod.pl -I "../../../binutils/doc" -I "../../../binutils/../libiberty" -I "../../../binutils/../bfd/doc" -I ../../bfd/doc -Dman -Dobjdump < ../../../binutils/doc/binutils.texi > objdump.pod
(pod2man --center="GNU Development Tools" --release="binutils-2.30.0" --section=1 objdump.pod | sed -e '/^.if n .na/d' > objdump.1.T$$ && \
	mv -f objdump.1.T$$ objdump.1) || (rm -f objdump.1.T$$ && exit 1)
rm -f nm.pod
gcc  -DHAVE_CONFIG_H -I. -I../../gprof  -DDEBUG -I../bfd -I../../gprof/../include -I../../gprof/../bfd  -I. -DLOCALEDIR="\"/home/build/build/tmp/work/x86_64-linux/binutils-cross-i586/2.30-r0/recipe-sysroot-native/usr/share/locale\"" -isystem/home/build/build/tmp/work/x86_64-linux/binutils-cross-i586/2.30-r0/recipe-sysroot-native/usr/include -W -Wall -Wstrict-prototypes -Wmissing-prototypes -Wshadow -Wstack-usage=262144 -isystem/home/build/build/tmp/work/x86_64-linux/binutils-cross-i586/2.30-r0/recipe-sysroot-native/usr/include -O2 -pipe -c ../../gprof/search_list.c
rm -f objcopy.pod
g++  -DHAVE_CONFIG_H -I. -I../../gold  -I../../gold -I../../gold/../include -I../../gold/../elfcpp -DLOCALEDIR="\"/home/build/build/tmp/work/x86_64-linux/binutils-cross-i586/2.30-r0/recipe-sysroot-native/usr/share/locale\"" -DBINDIR="\"/home/build/build/tmp/work/x86_64-linux/binutils-cross-i586/2.30-r0/recipe-sysroot-native/usr/bin/i586-poky-linux\"" -DTOOLBINDIR="\"/home/build/build/tmp/work/x86_64-linux/binutils-cross-i586/2.30-r0/recipe-sysroot-native/usr/i586-poky-linux/bin\"" -DTOOLLIBDIR="\"/home/build/build/tmp/work/x86_64-linux/binutils-cross-i586/2.30-r0/recipe-sysroot-native/usr/i586-poky-linux/lib\""  -isystem/home/build/build/tmp/work/x86_64-linux/binutils-cross-i586/2.30-r0/recipe-sysroot-native/usr/include -W -Wall    -Wstack-usage=262144 -D_LARGEFILE_SOURCE -D_FILE_OFFSET_BITS=64 -frandom-seed=compressed_output.o -I../../gold/../zlib -isystem/home/build/build/tmp/work/x86_64-linux/binutils-cross-i586/2.30-r0/recipe-sysroot-native/usr/include -O2 -pipe -c -o compressed_output.o ../../gold/compressed_output.cc
rm -f objdump.pod
gcc  -DHAVE_CONFIG_H -I. -I../../gprof  -DDEBUG -I../bfd -I../../gprof/../include -I../../gprof/../bfd  -I. -DLOCALEDIR="\"/home/build/build/tmp/work/x86_64-linux/binutils-cross-i586/2.30-r0/recipe-sysroot-native/usr/share/locale\"" -isystem/home/build/build/tmp/work/x86_64-linux/binutils-cross-i586/2.30-r0/recipe-sysroot-native/usr/include -W -Wall -Wstrict-prototypes -Wmissing-prototypes -Wshadow -Wstack-usage=262144 -isystem/home/build/build/tmp/work/x86_64-linux/binutils-cross-i586/2.30-r0/recipe-sysroot-native/usr/include -O2 -pipe -c ../../gprof/symtab.c
g++  -DHAVE_CONFIG_H -I. -I../../gold  -I../../gold -I../../gold/../include -I../../gold/../elfcpp -DLOCALEDIR="\"/home/build/build/tmp/work/x86_64-linux/binutils-cross-i586/2.30-r0/recipe-sysroot-native/usr/share/locale\"" -DBINDIR="\"/home/build/build/tmp/work/x86_64-linux/binutils-cross-i586/2.30-r0/recipe-sysroot-native/usr/bin/i586-poky-linux\"" -DTOOLBINDIR="\"/home/build/build/tmp/work/x86_64-linux/binutils-cross-i586/2.30-r0/recipe-sysroot-native/usr/i586-poky-linux/bin\"" -DTOOLLIBDIR="\"/home/build/build/tmp/work/x86_64-linux/binutils-cross-i586/2.30-r0/recipe-sysroot-native/usr/i586-poky-linux/lib\""  -isystem/home/build/build/tmp/work/x86_64-linux/binutils-cross-i586/2.30-r0/recipe-sysroot-native/usr/include -W -Wall    -Wstack-usage=262144 -D_LARGEFILE_SOURCE -D_FILE_OFFSET_BITS=64 -frandom-seed=copy-relocs.o -I../../gold/../zlib -isystem/home/build/build/tmp/work/x86_64-linux/binutils-cross-i586/2.30-r0/recipe-sysroot-native/usr/include -O2 -pipe -c -o copy-relocs.o ../../gold/copy-relocs.cc
touch ranlib.1
perl ../../../binutils/../etc/texi2pod.pl -I "../../../binutils/doc" -I "../../../binutils/../libiberty" -I "../../../binutils/../bfd/doc" -I ../../bfd/doc -Dman -Dranlib < ../../../binutils/doc/binutils.texi > ranlib.pod
(pod2man --center="GNU Development Tools" --release="binutils-2.30.0" --section=1 ranlib.pod | sed -e '/^.if n .na/d' > ranlib.1.T$$ && \
	mv -f ranlib.1.T$$ ranlib.1) || (rm -f ranlib.1.T$$ && exit 1)
gcc  -DHAVE_CONFIG_H -I. -I../../gprof  -DDEBUG -I../bfd -I../../gprof/../include -I../../gprof/../bfd  -I. -DLOCALEDIR="\"/home/build/build/tmp/work/x86_64-linux/binutils-cross-i586/2.30-r0/recipe-sysroot-native/usr/share/locale\"" -isystem/home/build/build/tmp/work/x86_64-linux/binutils-cross-i586/2.30-r0/recipe-sysroot-native/usr/include -W -Wall -Wstrict-prototypes -Wmissing-prototypes -Wshadow -Wstack-usage=262144 -isystem/home/build/build/tmp/work/x86_64-linux/binutils-cross-i586/2.30-r0/recipe-sysroot-native/usr/include -O2 -pipe -c ../../gprof/sym_ids.c
rm -f ranlib.pod
touch readelf.1
perl ../../../binutils/../etc/texi2pod.pl -I "../../../binutils/doc" -I "../../../binutils/../libiberty" -I "../../../binutils/../bfd/doc" -I ../../bfd/doc -Dman -Dreadelf < ../../../binutils/doc/binutils.texi > readelf.pod
(pod2man --center="GNU Development Tools" --release="binutils-2.30.0" --section=1 readelf.pod | sed -e '/^.if n .na/d' > readelf.1.T$$ && \
	mv -f readelf.1.T$$ readelf.1) || (rm -f readelf.1.T$$ && exit 1)
gcc  -DHAVE_CONFIG_H -I. -I../../gprof  -DDEBUG -I../bfd -I../../gprof/../include -I../../gprof/../bfd  -I. -DLOCALEDIR="\"/home/build/build/tmp/work/x86_64-linux/binutils-cross-i586/2.30-r0/recipe-sysroot-native/usr/share/locale\"" -isystem/home/build/build/tmp/work/x86_64-linux/binutils-cross-i586/2.30-r0/recipe-sysroot-native/usr/include -W -Wall -Wstrict-prototypes -Wmissing-prototypes -Wshadow -Wstack-usage=262144 -isystem/home/build/build/tmp/work/x86_64-linux/binutils-cross-i586/2.30-r0/recipe-sysroot-native/usr/include -O2 -pipe -c ../../gprof/utils.c
rm -f readelf.pod
touch size.1
perl ../../../binutils/../etc/texi2pod.pl -I "../../../binutils/doc" -I "../../../binutils/../libiberty" -I "../../../binutils/../bfd/doc" -I ../../bfd/doc -Dman -Dsize < ../../../binutils/doc/binutils.texi > size.pod
gcc  -DHAVE_CONFIG_H -I. -I../../gprof  -DDEBUG -I../bfd -I../../gprof/../include -I../../gprof/../bfd  -I. -DLOCALEDIR="\"/home/build/build/tmp/work/x86_64-linux/binutils-cross-i586/2.30-r0/recipe-sysroot-native/usr/share/locale\"" -isystem/home/build/build/tmp/work/x86_64-linux/binutils-cross-i586/2.30-r0/recipe-sysroot-native/usr/include -W -Wall -Wstrict-prototypes -Wmissing-prototypes -Wshadow -Wstack-usage=262144 -isystem/home/build/build/tmp/work/x86_64-linux/binutils-cross-i586/2.30-r0/recipe-sysroot-native/usr/include -O2 -pipe -c ../../gprof/i386.c
(pod2man --center="GNU Development Tools" --release="binutils-2.30.0" --section=1 size.pod | sed -e '/^.if n .na/d' > size.1.T$$ && \
	mv -f size.1.T$$ size.1) || (rm -f size.1.T$$ && exit 1)
gcc  -DHAVE_CONFIG_H -I. -I../../gprof  -DDEBUG -I../bfd -I../../gprof/../include -I../../gprof/../bfd  -I. -DLOCALEDIR="\"/home/build/build/tmp/work/x86_64-linux/binutils-cross-i586/2.30-r0/recipe-sysroot-native/usr/share/locale\"" -isystem/home/build/build/tmp/work/x86_64-linux/binutils-cross-i586/2.30-r0/recipe-sysroot-native/usr/include -W -Wall -Wstrict-prototypes -Wmissing-prototypes -Wshadow -Wstack-usage=262144 -isystem/home/build/build/tmp/work/x86_64-linux/binutils-cross-i586/2.30-r0/recipe-sysroot-native/usr/include -O2 -pipe -c ../../gprof/alpha.c
rm -f size.pod
touch strings.1
perl ../../../binutils/../etc/texi2pod.pl -I "../../../binutils/doc" -I "../../../binutils/../libiberty" -I "../../../binutils/../bfd/doc" -I ../../bfd/doc -Dman -Dstrings < ../../../binutils/doc/binutils.texi > strings.pod
(pod2man --center="GNU Development Tools" --release="binutils-2.30.0" --section=1 strings.pod | sed -e '/^.if n .na/d' > strings.1.T$$ && \
	mv -f strings.1.T$$ strings.1) || (rm -f strings.1.T$$ && exit 1)
touch strip.1
perl ../../../binutils/../etc/texi2pod.pl -I "../../../binutils/doc" -I "../../../binutils/../libiberty" -I "../../../binutils/../bfd/doc" -I ../../bfd/doc -Dman -Dstrip < ../../../binutils/doc/binutils.texi > strip.pod
(pod2man --center="GNU Development Tools" --release="binutils-2.30.0" --section=1 strip.pod | sed -e '/^.if n .na/d' > strip.1.T$$ && \
	mv -f strip.1.T$$ strip.1) || (rm -f strip.1.T$$ && exit 1)
gcc  -DHAVE_CONFIG_H -I. -I../../gprof  -DDEBUG -I../bfd -I../../gprof/../include -I../../gprof/../bfd  -I. -DLOCALEDIR="\"/home/build/build/tmp/work/x86_64-linux/binutils-cross-i586/2.30-r0/recipe-sysroot-native/usr/share/locale\"" -isystem/home/build/build/tmp/work/x86_64-linux/binutils-cross-i586/2.30-r0/recipe-sysroot-native/usr/include -W -Wall -Wstrict-prototypes -Wmissing-prototypes -Wshadow -Wstack-usage=262144 -isystem/home/build/build/tmp/work/x86_64-linux/binutils-cross-i586/2.30-r0/recipe-sysroot-native/usr/include -O2 -pipe -c ../../gprof/vax.c
rm -f strings.pod
if [ -r sysinfo.c ]; then \
  gcc  -c -I. -W -Wall -Wstrict-prototypes -Wmissing-prototypes -Wshadow -Wstack-usage=262144 -I../../binutils/../zlib -isystem/home/build/build/tmp/work/x86_64-linux/binutils-cross-i586/2.30-r0/recipe-sysroot-native/usr/include -O2 -pipe  sysinfo.c ; \
else \
  gcc  -c -I. -W -Wall -Wstrict-prototypes -Wmissing-prototypes -Wshadow -Wstack-usage=262144 -I../../binutils/../zlib -isystem/home/build/build/tmp/work/x86_64-linux/binutils-cross-i586/2.30-r0/recipe-sysroot-native/usr/include -O2 -pipe  ../../binutils/sysinfo.c ; \
fi
gcc  -DHAVE_CONFIG_H -I. -I../../gprof  -DDEBUG -I../bfd -I../../gprof/../include -I../../gprof/../bfd  -I. -DLOCALEDIR="\"/home/build/build/tmp/work/x86_64-linux/binutils-cross-i586/2.30-r0/recipe-sysroot-native/usr/share/locale\"" -isystem/home/build/build/tmp/work/x86_64-linux/binutils-cross-i586/2.30-r0/recipe-sysroot-native/usr/include -W -Wall -Wstrict-prototypes -Wmissing-prototypes -Wshadow -Wstack-usage=262144 -isystem/home/build/build/tmp/work/x86_64-linux/binutils-cross-i586/2.30-r0/recipe-sysroot-native/usr/include -O2 -pipe -c ../../gprof/tahoe.c
gcc  -c -I. -I../../binutils -W -Wall -Wstrict-prototypes -Wmissing-prototypes -Wshadow -Wstack-usage=262144 -I../../binutils/../zlib -isystem/home/build/build/tmp/work/x86_64-linux/binutils-cross-i586/2.30-r0/recipe-sysroot-native/usr/include -O2 -pipe  ../../binutils/syslex_wrap.c
rm -f strip.pod
touch elfedit.1
perl ../../../binutils/../etc/texi2pod.pl -I "../../../binutils/doc" -I "../../../binutils/../libiberty" -I "../../../binutils/../bfd/doc" -I ../../bfd/doc -Dman -Delfedit < ../../../binutils/doc/binutils.texi > elfedit.pod
touch windres.1
perl ../../../binutils/../etc/texi2pod.pl -I "../../../binutils/doc" -I "../../../binutils/../libiberty" -I "../../../binutils/../bfd/doc" -I ../../bfd/doc -Dman -Dwindres < ../../../binutils/doc/binutils.texi > windres.pod
(pod2man --center="GNU Development Tools" --release="binutils-2.30.0" --section=1 elfedit.pod | sed -e '/^.if n .na/d' > elfedit.1.T$$ && \
	mv -f elfedit.1.T$$ elfedit.1) || (rm -f elfedit.1.T$$ && exit 1)
gcc  -DHAVE_CONFIG_H -I. -I../../gprof  -DDEBUG -I../bfd -I../../gprof/../include -I../../gprof/../bfd  -I. -DLOCALEDIR="\"/home/build/build/tmp/work/x86_64-linux/binutils-cross-i586/2.30-r0/recipe-sysroot-native/usr/share/locale\"" -isystem/home/build/build/tmp/work/x86_64-linux/binutils-cross-i586/2.30-r0/recipe-sysroot-native/usr/include -W -Wall -Wstrict-prototypes -Wmissing-prototypes -Wshadow -Wstack-usage=262144 -isystem/home/build/build/tmp/work/x86_64-linux/binutils-cross-i586/2.30-r0/recipe-sysroot-native/usr/include -O2 -pipe -c ../../gprof/sparc.c
In file included from ../../binutils/syslex_wrap.c:25:0:
syslex.c:321:2: error: unknown type name ‘flex_int32_t’
  flex_int32_t yy_verify;
  ^
syslex.c:322:2: error: unknown type name ‘flex_int32_t’
  flex_int32_t yy_nxt;
  ^
syslex.c:324:16: error: unknown type name ‘flex_int16_t’
 static yyconst flex_int16_t yy_accept[81] =
                ^
syslex.c:376:16: error: unknown type name ‘flex_uint16_t’
 static yyconst flex_uint16_t yy_base[84] =
                ^
syslex.c:389:16: error: unknown type name ‘flex_int16_t’
 static yyconst flex_int16_t yy_def[84] =
                ^
syslex.c:402:16: error: unknown type name ‘flex_uint16_t’
 static yyconst flex_uint16_t yy_nxt[135] =
                ^
syslex.c:421:16: error: unknown type name ‘flex_int16_t’
 static yyconst flex_int16_t yy_chk[135] =
                ^
(pod2man --center="GNU Development Tools" --release="binutils-2.30.0" --section=1 windres.pod | sed -e '/^.if n .na/d' > windres.1.T$$ && \
	mv -f windres.1.T$$ windres.1) || (rm -f windres.1.T$$ && exit 1)
In file included from ../../binutils/syslex_wrap.c:25:0:
syslex.c: In function ‘yy_get_next_buffer’:
syslex.c:601:18: warning: comparison between signed and unsigned integer expressions [-Wsign-compare]
   for ( n = 0; n < max_size && \
                  ^
syslex.c:1137:3: note: in expansion of macro ‘YY_INPUT’
   YY_INPUT( (&YY_CURRENT_BUFFER_LVALUE->yy_ch_buf[number_to_move]),
   ^
Makefile:1375: recipe for target 'syslex_wrap.o' failed
make[2]: *** [syslex_wrap.o] Error 1
make[2]: *** Waiting for unfinished jobs....
gcc  -DHAVE_CONFIG_H -I. -I../../gprof  -DDEBUG -I../bfd -I../../gprof/../include -I../../gprof/../bfd  -I. -DLOCALEDIR="\"/home/build/build/tmp/work/x86_64-linux/binutils-cross-i586/2.30-r0/recipe-sysroot-native/usr/share/locale\"" -isystem/home/build/build/tmp/work/x86_64-linux/binutils-cross-i586/2.30-r0/recipe-sysroot-native/usr/include -W -Wall -Wstrict-prototypes -Wmissing-prototypes -Wshadow -Wstack-usage=262144 -isystem/home/build/build/tmp/work/x86_64-linux/binutils-cross-i586/2.30-r0/recipe-sysroot-native/usr/include -O2 -pipe -c ../../gprof/mips.c
gcc  -DHAVE_CONFIG_H -I. -I../../gprof  -DDEBUG -I../bfd -I../../gprof/../include -I../../gprof/../bfd  -I. -DLOCALEDIR="\"/home/build/build/tmp/work/x86_64-linux/binutils-cross-i586/2.30-r0/recipe-sysroot-native/usr/share/locale\"" -isystem/home/build/build/tmp/work/x86_64-linux/binutils-cross-i586/2.30-r0/recipe-sysroot-native/usr/include -W -Wall -Wstrict-prototypes -Wmissing-prototypes -Wshadow -Wstack-usage=262144 -isystem/home/build/build/tmp/work/x86_64-linux/binutils-cross-i586/2.30-r0/recipe-sysroot-native/usr/include -O2 -pipe -c ../../gprof/aarch64.c
rm -f windres.pod
gcc  -DHAVE_CONFIG_H -I. -I../../gprof  -DDEBUG -I../bfd -I../../gprof/../include -I../../gprof/../bfd  -I. -DLOCALEDIR="\"/home/build/build/tmp/work/x86_64-linux/binutils-cross-i586/2.30-r0/recipe-sysroot-native/usr/share/locale\"" -isystem/home/build/build/tmp/work/x86_64-linux/binutils-cross-i586/2.30-r0/recipe-sysroot-native/usr/include -W -Wall -Wstrict-prototypes -Wmissing-prototypes -Wshadow -Wstack-usage=262144 -isystem/home/build/build/tmp/work/x86_64-linux/binutils-cross-i586/2.30-r0/recipe-sysroot-native/usr/include -O2 -pipe -c flat_bl.c
g++  -DHAVE_CONFIG_H -I. -I../../gold  -I../../gold -I../../gold/../include -I../../gold/../elfcpp -DLOCALEDIR="\"/home/build/build/tmp/work/x86_64-linux/binutils-cross-i586/2.30-r0/recipe-sysroot-native/usr/share/locale\"" -DBINDIR="\"/home/build/build/tmp/work/x86_64-linux/binutils-cross-i586/2.30-r0/recipe-sysroot-native/usr/bin/i586-poky-linux\"" -DTOOLBINDIR="\"/home/build/build/tmp/work/x86_64-linux/binutils-cross-i586/2.30-r0/recipe-sysroot-native/usr/i586-poky-linux/bin\"" -DTOOLLIBDIR="\"/home/build/build/tmp/work/x86_64-linux/binutils-cross-i586/2.30-r0/recipe-sysroot-native/usr/i586-poky-linux/lib\""  -isystem/home/build/build/tmp/work/x86_64-linux/binutils-cross-i586/2.30-r0/recipe-sysroot-native/usr/include -W -Wall    -Wstack-usage=262144 -D_LARGEFILE_SOURCE -D_FILE_OFFSET_BITS=64 -frandom-seed=cref.o -I../../gold/../zlib -isystem/home/build/build/tmp/work/x86_64-linux/binutils-cross-i586/2.30-r0/recipe-sysroot-native/usr/include -O2 -pipe -c -o cref.o ../../gold/cref.cc
g++  -DHAVE_CONFIG_H -I. -I../../gold  -I../../gold -I../../gold/../include -I../../gold/../elfcpp -DLOCALEDIR="\"/home/build/build/tmp/work/x86_64-linux/binutils-cross-i586/2.30-r0/recipe-sysroot-native/usr/share/locale\"" -DBINDIR="\"/home/build/build/tmp/work/x86_64-linux/binutils-cross-i586/2.30-r0/recipe-sysroot-native/usr/bin/i586-poky-linux\"" -DTOOLBINDIR="\"/home/build/build/tmp/work/x86_64-linux/binutils-cross-i586/2.30-r0/recipe-sysroot-native/usr/i586-poky-linux/bin\"" -DTOOLLIBDIR="\"/home/build/build/tmp/work/x86_64-linux/binutils-cross-i586/2.30-r0/recipe-sysroot-native/usr/i586-poky-linux/lib\""  -isystem/home/build/build/tmp/work/x86_64-linux/binutils-cross-i586/2.30-r0/recipe-sysroot-native/usr/include -W -Wall    -Wstack-usage=262144 -D_LARGEFILE_SOURCE -D_FILE_OFFSET_BITS=64 -frandom-seed=defstd.o -I../../gold/../zlib -isystem/home/build/build/tmp/work/x86_64-linux/binutils-cross-i586/2.30-r0/recipe-sysroot-native/usr/include -O2 -pipe -c -o defstd.o ../../gold/defstd.cc
rm -f elfedit.pod
touch windmc.1
perl ../../../binutils/../etc/texi2pod.pl -I "../../../binutils/doc" -I "../../../binutils/../libiberty" -I "../../../binutils/../bfd/doc" -I ../../bfd/doc -Dman -Dwindmc < ../../../binutils/doc/binutils.texi > windmc.pod
g++  -DHAVE_CONFIG_H -I. -I../../gold  -I../../gold -I../../gold/../include -I../../gold/../elfcpp -DLOCALEDIR="\"/home/build/build/tmp/work/x86_64-linux/binutils-cross-i586/2.30-r0/recipe-sysroot-native/usr/share/locale\"" -DBINDIR="\"/home/build/build/tmp/work/x86_64-linux/binutils-cross-i586/2.30-r0/recipe-sysroot-native/usr/bin/i586-poky-linux\"" -DTOOLBINDIR="\"/home/build/build/tmp/work/x86_64-linux/binutils-cross-i586/2.30-r0/recipe-sysroot-native/usr/i586-poky-linux/bin\"" -DTOOLLIBDIR="\"/home/build/build/tmp/work/x86_64-linux/binutils-cross-i586/2.30-r0/recipe-sysroot-native/usr/i586-poky-linux/lib\""  -isystem/home/build/build/tmp/work/x86_64-linux/binutils-cross-i586/2.30-r0/recipe-sysroot-native/usr/include -W -Wall    -Wstack-usage=262144 -D_LARGEFILE_SOURCE -D_FILE_OFFSET_BITS=64 -frandom-seed=descriptors.o -I../../gold/../zlib -isystem/home/build/build/tmp/work/x86_64-linux/binutils-cross-i586/2.30-r0/recipe-sysroot-native/usr/include -O2 -pipe -c -o descriptors.o ../../gold/descriptors.cc
gcc  -DHAVE_CONFIG_H -I. -I../../gprof  -DDEBUG -I../bfd -I../../gprof/../include -I../../gprof/../bfd  -I. -DLOCALEDIR="\"/home/build/build/tmp/work/x86_64-linux/binutils-cross-i586/2.30-r0/recipe-sysroot-native/usr/share/locale\"" -isystem/home/build/build/tmp/work/x86_64-linux/binutils-cross-i586/2.30-r0/recipe-sysroot-native/usr/include -W -Wall -Wstrict-prototypes -Wmissing-prototypes -Wshadow -Wstack-usage=262144 -isystem/home/build/build/tmp/work/x86_64-linux/binutils-cross-i586/2.30-r0/recipe-sysroot-native/usr/include -O2 -pipe -c bsd_callg_bl.c
(pod2man --center="GNU Development Tools" --release="binutils-2.30.0" --section=1 windmc.pod | sed -e '/^.if n .na/d' > windmc.1.T$$ && \
	mv -f windmc.1.T$$ windmc.1) || (rm -f windmc.1.T$$ && exit 1)
touch cxxfilt.man
perl ../../../binutils/../etc/texi2pod.pl -I "../../../binutils/doc" -I "../../../binutils/../libiberty" -I "../../../binutils/../bfd/doc" -I ../../bfd/doc -Dman -Dcxxfilt < ../../../binutils/doc/binutils.texi > c++filt.pod
(pod2man --center="GNU Development Tools" --release="binutils-2.30.0" --section=1 c++filt.pod | sed -e '/^.if n .na/d' > cxxfilt.man.T$$ && \
	mv -f cxxfilt.man.T$$ cxxfilt.man) || (rm -f cxxfilt.man.T$$ && exit 1)
gcc  -DHAVE_CONFIG_H -I. -I../../gprof  -DDEBUG -I../bfd -I../../gprof/../include -I../../gprof/../bfd  -I. -DLOCALEDIR="\"/home/build/build/tmp/work/x86_64-linux/binutils-cross-i586/2.30-r0/recipe-sysroot-native/usr/share/locale\"" -isystem/home/build/build/tmp/work/x86_64-linux/binutils-cross-i586/2.30-r0/recipe-sysroot-native/usr/include -W -Wall -Wstrict-prototypes -Wmissing-prototypes -Wshadow -Wstack-usage=262144 -isystem/home/build/build/tmp/work/x86_64-linux/binutils-cross-i586/2.30-r0/recipe-sysroot-native/usr/include -O2 -pipe -c fsf_callg_bl.c
rm -f windmc.pod
touch gprof.1
perl ../../gprof/../etc/texi2pod.pl -I "../../gprof" -I "../../gprof/../bfd/doc" -I ../bfd/doc -Dman -Dgprof < ../../gprof/gprof.texi > gprof.pod
g++  -DHAVE_CONFIG_H -I. -I../../gold  -I../../gold -I../../gold/../include -I../../gold/../elfcpp -DLOCALEDIR="\"/home/build/build/tmp/work/x86_64-linux/binutils-cross-i586/2.30-r0/recipe-sysroot-native/usr/share/locale\"" -DBINDIR="\"/home/build/build/tmp/work/x86_64-linux/binutils-cross-i586/2.30-r0/recipe-sysroot-native/usr/bin/i586-poky-linux\"" -DTOOLBINDIR="\"/home/build/build/tmp/work/x86_64-linux/binutils-cross-i586/2.30-r0/recipe-sysroot-native/usr/i586-poky-linux/bin\"" -DTOOLLIBDIR="\"/home/build/build/tmp/work/x86_64-linux/binutils-cross-i586/2.30-r0/recipe-sysroot-native/usr/i586-poky-linux/lib\""  -isystem/home/build/build/tmp/work/x86_64-linux/binutils-cross-i586/2.30-r0/recipe-sysroot-native/usr/include -W -Wall    -Wstack-usage=262144 -D_LARGEFILE_SOURCE -D_FILE_OFFSET_BITS=64 -frandom-seed=dirsearch.o -I../../gold/../zlib -isystem/home/build/build/tmp/work/x86_64-linux/binutils-cross-i586/2.30-r0/recipe-sysroot-native/usr/include -O2 -pipe -c -o dirsearch.o ../../gold/dirsearch.cc
rm -f c++filt.pod
(pod2man --center="GNU" --release="binutils-2.30.0" --section=1 gprof.pod | \
       sed -e '/^.if n .na/d' > gprof.1.T$$ && \
       mv -f gprof.1.T$$ gprof.1) || \
       (rm -f gprof.1.T$$ && exit 1)
if test -f cxxfilt.man; then \
  man=cxxfilt.man; \
else \
  man=../../../binutils/doc/cxxfilt.man; \
fi; \
sed -e 's/@PROGRAM@/c++filt/' \
    -e 's/cxxfilt/c++filt/' < $man \
	> c++filt.1
make[3]: Leaving directory '/home/build/build/tmp/work/x86_64-linux/binutils-cross-i586/2.30-r0/git/build.x86_64-linux.i586-poky-linux/binutils/doc'
Making info in po
make[3]: Entering directory '/home/build/build/tmp/work/x86_64-linux/binutils-cross-i586/2.30-r0/git/build.x86_64-linux.i586-poky-linux/binutils/po'
make[3]: Nothing to be done for 'info'.
make[3]: Leaving directory '/home/build/build/tmp/work/x86_64-linux/binutils-cross-i586/2.30-r0/git/build.x86_64-linux.i586-poky-linux/binutils/po'
make[3]: Entering directory '/home/build/build/tmp/work/x86_64-linux/binutils-cross-i586/2.30-r0/git/build.x86_64-linux.i586-poky-linux/binutils'
make[3]: Nothing to be done for 'info-am'.
make[3]: Leaving directory '/home/build/build/tmp/work/x86_64-linux/binutils-cross-i586/2.30-r0/git/build.x86_64-linux.i586-poky-linux/binutils'
make[2]: Leaving directory '/home/build/build/tmp/work/x86_64-linux/binutils-cross-i586/2.30-r0/git/build.x86_64-linux.i586-poky-linux/binutils'
Makefile:3576: recipe for target 'all-binutils' failed
make[1]: *** [all-binutils] Error 2
make[1]: *** Waiting for unfinished jobs....
g++  -DHAVE_CONFIG_H -I. -I../../gold  -I../../gold -I../../gold/../include -I../../gold/../elfcpp -DLOCALEDIR="\"/home/build/build/tmp/work/x86_64-linux/binutils-cross-i586/2.30-r0/recipe-sysroot-native/usr/share/locale\"" -DBINDIR="\"/home/build/build/tmp/work/x86_64-linux/binutils-cross-i586/2.30-r0/recipe-sysroot-native/usr/bin/i586-poky-linux\"" -DTOOLBINDIR="\"/home/build/build/tmp/work/x86_64-linux/binutils-cross-i586/2.30-r0/recipe-sysroot-native/usr/i586-poky-linux/bin\"" -DTOOLLIBDIR="\"/home/build/build/tmp/work/x86_64-linux/binutils-cross-i586/2.30-r0/recipe-sysroot-native/usr/i586-poky-linux/lib\""  -isystem/home/build/build/tmp/work/x86_64-linux/binutils-cross-i586/2.30-r0/recipe-sysroot-native/usr/include -W -Wall    -Wstack-usage=262144 -D_LARGEFILE_SOURCE -D_FILE_OFFSET_BITS=64 -frandom-seed=dynobj.o -I../../gold/../zlib -isystem/home/build/build/tmp/work/x86_64-linux/binutils-cross-i586/2.30-r0/recipe-sysroot-native/usr/include -O2 -pipe -c -o dynobj.o ../../gold/dynobj.cc
rm -f gprof.pod
restore=: && backupdir=".am$$" && \
rm -rf $backupdir && mkdir $backupdir && \
if (makeinfo --split-size=5000000 --split-size=5000000 --version) >/dev/null 2>&1; then \
  for f in gprof.info gprof.info-[0-9] gprof.info-[0-9][0-9] gprof.i[0-9] gprof.i[0-9][0-9]; do \
    if test -f $f; then mv $f $backupdir; restore=mv; else :; fi; \
  done; \
else :; fi && \
if makeinfo --split-size=5000000 --split-size=5000000 -I "../../gprof" -I "../../gprof/../bfd/doc" -I ../bfd/doc  -I ../../gprof \
 -o gprof.info `test -f 'gprof.texi' || echo '../../gprof/'`gprof.texi; \
then \
  rc=0; \
else \
  rc=$?; \
  $restore $backupdir/* `echo "./gprof.info" | sed 's|[^/]*$||'`; \
fi; \
rm -rf $backupdir; exit $rc
/bin/sh ./x86_64-linux-libtool --tag=CC   --mode=link gcc  -W -Wall -Wstrict-prototypes -Wmissing-prototypes -Wshadow -Wstack-usage=262144 -isystem/home/build/build/tmp/work/x86_64-linux/binutils-cross-i586/2.30-r0/recipe-sysroot-native/usr/include -O2 -pipe  -static-libstdc++ -static-libgcc -L/home/build/build/tmp/work/x86_64-linux/binutils-cross-i586/2.30-r0/recipe-sysroot-native/usr/lib -L/home/build/build/tmp/work/x86_64-linux/binutils-cross-i586/2.30-r0/recipe-sysroot-native/lib -Wl,-rpath-link,/home/build/build/tmp/work/x86_64-linux/binutils-cross-i586/2.30-r0/recipe-sysroot-native/usr/lib -Wl,-rpath-link,/home/build/build/tmp/work/x86_64-linux/binutils-cross-i586/2.30-r0/recipe-sysroot-native/lib -Wl,-rpath,/home/build/build/tmp/work/x86_64-linux/binutils-cross-i586/2.30-r0/recipe-sysroot-native/usr/lib -Wl,-rpath,/home/build/build/tmp/work/x86_64-linux/binutils-cross-i586/2.30-r0/recipe-sysroot-native/lib -Wl,-O1 -Wl,--allow-shlib-undefined -Wl,--dynamic-linker=/home/build/build/tmp/sysroots-uninative/x86_64-linux/lib/ld-linux-x86-64.so.2 -o gprof basic_blocks.o call_graph.o cg_arcs.o cg_dfn.o cg_print.o corefile.o gmon_io.o gprof.o hertz.o hist.o source.o search_list.o symtab.o sym_ids.o utils.o i386.o alpha.o vax.o tahoe.o sparc.o mips.o aarch64.o flat_bl.o bsd_callg_bl.o fsf_callg_bl.o ../bfd/libbfd.la ../libiberty/libiberty.a  -lm -ldl 
g++  -DHAVE_CONFIG_H -I. -I../../gold  -I../../gold -I../../gold/../include -I../../gold/../elfcpp -DLOCALEDIR="\"/home/build/build/tmp/work/x86_64-linux/binutils-cross-i586/2.30-r0/recipe-sysroot-native/usr/share/locale\"" -DBINDIR="\"/home/build/build/tmp/work/x86_64-linux/binutils-cross-i586/2.30-r0/recipe-sysroot-native/usr/bin/i586-poky-linux\"" -DTOOLBINDIR="\"/home/build/build/tmp/work/x86_64-linux/binutils-cross-i586/2.30-r0/recipe-sysroot-native/usr/i586-poky-linux/bin\"" -DTOOLLIBDIR="\"/home/build/build/tmp/work/x86_64-linux/binutils-cross-i586/2.30-r0/recipe-sysroot-native/usr/i586-poky-linux/lib\""  -isystem/home/build/build/tmp/work/x86_64-linux/binutils-cross-i586/2.30-r0/recipe-sysroot-native/usr/include -W -Wall    -Wstack-usage=262144 -D_LARGEFILE_SOURCE -D_FILE_OFFSET_BITS=64 -frandom-seed=dwarf_reader.o -I../../gold/../zlib -isystem/home/build/build/tmp/work/x86_64-linux/binutils-cross-i586/2.30-r0/recipe-sysroot-native/usr/include -O2 -pipe -c -o dwarf_reader.o ../../gold/dwarf_reader.cc
g++  -DHAVE_CONFIG_H -I. -I../../gold  -I../../gold -I../../gold/../include -I../../gold/../elfcpp -DLOCALEDIR="\"/home/build/build/tmp/work/x86_64-linux/binutils-cross-i586/2.30-r0/recipe-sysroot-native/usr/share/locale\"" -DBINDIR="\"/home/build/build/tmp/work/x86_64-linux/binutils-cross-i586/2.30-r0/recipe-sysroot-native/usr/bin/i586-poky-linux\"" -DTOOLBINDIR="\"/home/build/build/tmp/work/x86_64-linux/binutils-cross-i586/2.30-r0/recipe-sysroot-native/usr/i586-poky-linux/bin\"" -DTOOLLIBDIR="\"/home/build/build/tmp/work/x86_64-linux/binutils-cross-i586/2.30-r0/recipe-sysroot-native/usr/i586-poky-linux/lib\""  -isystem/home/build/build/tmp/work/x86_64-linux/binutils-cross-i586/2.30-r0/recipe-sysroot-native/usr/include -W -Wall    -Wstack-usage=262144 -D_LARGEFILE_SOURCE -D_FILE_OFFSET_BITS=64 -frandom-seed=ehframe.o -I../../gold/../zlib -isystem/home/build/build/tmp/work/x86_64-linux/binutils-cross-i586/2.30-r0/recipe-sysroot-native/usr/include -O2 -pipe -c -o ehframe.o ../../gold/ehframe.cc
x86_64-linux-libtool: link: gcc -W -Wall -Wstrict-prototypes -Wmissing-prototypes -Wshadow -Wstack-usage=262144 -isystem/home/build/build/tmp/work/x86_64-linux/binutils-cross-i586/2.30-r0/recipe-sysroot-native/usr/include -O2 -pipe -static-libstdc++ -static-libgcc -Wl,-rpath-link -Wl,/home/build/build/tmp/work/x86_64-linux/binutils-cross-i586/2.30-r0/recipe-sysroot-native/usr/lib -Wl,-rpath-link -Wl,/home/build/build/tmp/work/x86_64-linux/binutils-cross-i586/2.30-r0/recipe-sysroot-native/lib -Wl,-rpath -Wl,/home/build/build/tmp/work/x86_64-linux/binutils-cross-i586/2.30-r0/recipe-sysroot-native/usr/lib -Wl,-rpath -Wl,/home/build/build/tmp/work/x86_64-linux/binutils-cross-i586/2.30-r0/recipe-sysroot-native/lib -Wl,-O1 -Wl,--allow-shlib-undefined -Wl,--dynamic-linker=/home/build/build/tmp/sysroots-uninative/x86_64-linux/lib/ld-linux-x86-64.so.2 -o gprof basic_blocks.o call_graph.o cg_arcs.o cg_dfn.o cg_print.o corefile.o gmon_io.o gprof.o hertz.o hist.o source.o search_list.o symtab.o sym_ids.o utils.o i386.o alpha.o vax.o tahoe.o sparc.o mips.o aarch64.o flat_bl.o bsd_callg_bl.o fsf_callg_bl.o  -L/home/build/build/tmp/work/x86_64-linux/binutils-cross-i586/2.30-r0/recipe-sysroot-native/usr/lib -L/home/build/build/tmp/work/x86_64-linux/binutils-cross-i586/2.30-r0/recipe-sysroot-native/lib ../bfd/.libs/libbfd.a -L./../zlib -lz ../libiberty/libiberty.a -lm -ldl
g++  -DHAVE_CONFIG_H -I. -I../../gold  -I../../gold -I../../gold/../include -I../../gold/../elfcpp -DLOCALEDIR="\"/home/build/build/tmp/work/x86_64-linux/binutils-cross-i586/2.30-r0/recipe-sysroot-native/usr/share/locale\"" -DBINDIR="\"/home/build/build/tmp/work/x86_64-linux/binutils-cross-i586/2.30-r0/recipe-sysroot-native/usr/bin/i586-poky-linux\"" -DTOOLBINDIR="\"/home/build/build/tmp/work/x86_64-linux/binutils-cross-i586/2.30-r0/recipe-sysroot-native/usr/i586-poky-linux/bin\"" -DTOOLLIBDIR="\"/home/build/build/tmp/work/x86_64-linux/binutils-cross-i586/2.30-r0/recipe-sysroot-native/usr/i586-poky-linux/lib\""  -isystem/home/build/build/tmp/work/x86_64-linux/binutils-cross-i586/2.30-r0/recipe-sysroot-native/usr/include -W -Wall    -Wstack-usage=262144 -D_LARGEFILE_SOURCE -D_FILE_OFFSET_BITS=64 -frandom-seed=errors.o -I../../gold/../zlib -isystem/home/build/build/tmp/work/x86_64-linux/binutils-cross-i586/2.30-r0/recipe-sysroot-native/usr/include -O2 -pipe -c -o errors.o ../../gold/errors.cc
make[4]: Leaving directory '/home/build/build/tmp/work/x86_64-linux/binutils-cross-i586/2.30-r0/git/build.x86_64-linux.i586-poky-linux/gprof'
make[3]: Leaving directory '/home/build/build/tmp/work/x86_64-linux/binutils-cross-i586/2.30-r0/git/build.x86_64-linux.i586-poky-linux/gprof'
make[2]: Leaving directory '/home/build/build/tmp/work/x86_64-linux/binutils-cross-i586/2.30-r0/git/build.x86_64-linux.i586-poky-linux/gprof'
/bin/sh ../../gold/../ylwrap ../../gold/yyscript.y y.tab.c yyscript.c y.tab.h yyscript.h y.output yyscript.output -- bison -y -d 
g++  -DHAVE_CONFIG_H -I. -I../../gold  -I../../gold -I../../gold/../include -I../../gold/../elfcpp -DLOCALEDIR="\"/home/build/build/tmp/work/x86_64-linux/binutils-cross-i586/2.30-r0/recipe-sysroot-native/usr/share/locale\"" -DBINDIR="\"/home/build/build/tmp/work/x86_64-linux/binutils-cross-i586/2.30-r0/recipe-sysroot-native/usr/bin/i586-poky-linux\"" -DTOOLBINDIR="\"/home/build/build/tmp/work/x86_64-linux/binutils-cross-i586/2.30-r0/recipe-sysroot-native/usr/i586-poky-linux/bin\"" -DTOOLLIBDIR="\"/home/build/build/tmp/work/x86_64-linux/binutils-cross-i586/2.30-r0/recipe-sysroot-native/usr/i586-poky-linux/lib\""  -isystem/home/build/build/tmp/work/x86_64-linux/binutils-cross-i586/2.30-r0/recipe-sysroot-native/usr/include -W -Wall    -Wstack-usage=262144 -D_LARGEFILE_SOURCE -D_FILE_OFFSET_BITS=64 -frandom-seed=fileread.o -I../../gold/../zlib -isystem/home/build/build/tmp/work/x86_64-linux/binutils-cross-i586/2.30-r0/recipe-sysroot-native/usr/include -O2 -pipe -c -o fileread.o ../../gold/fileread.cc
g++  -DHAVE_CONFIG_H -I. -I../../gold  -I../../gold -I../../gold/../include -I../../gold/../elfcpp -DLOCALEDIR="\"/home/build/build/tmp/work/x86_64-linux/binutils-cross-i586/2.30-r0/recipe-sysroot-native/usr/share/locale\"" -DBINDIR="\"/home/build/build/tmp/work/x86_64-linux/binutils-cross-i586/2.30-r0/recipe-sysroot-native/usr/bin/i586-poky-linux\"" -DTOOLBINDIR="\"/home/build/build/tmp/work/x86_64-linux/binutils-cross-i586/2.30-r0/recipe-sysroot-native/usr/i586-poky-linux/bin\"" -DTOOLLIBDIR="\"/home/build/build/tmp/work/x86_64-linux/binutils-cross-i586/2.30-r0/recipe-sysroot-native/usr/i586-poky-linux/lib\""  -isystem/home/build/build/tmp/work/x86_64-linux/binutils-cross-i586/2.30-r0/recipe-sysroot-native/usr/include -W -Wall    -Wstack-usage=262144 -D_LARGEFILE_SOURCE -D_FILE_OFFSET_BITS=64 -frandom-seed=gc.o -I../../gold/../zlib -isystem/home/build/build/tmp/work/x86_64-linux/binutils-cross-i586/2.30-r0/recipe-sysroot-native/usr/include -O2 -pipe -c -o gc.o ../../gold/gc.cc
/home/build/build/tmp/work/x86_64-linux/binutils-cross-i586/2.30-r0/git/build.x86_64-linux.i586-poky-linux/gold/../../gold/yyscript.y: warning: 6 shift/reduce conflicts [-Wconflicts-sr]
/home/build/build/tmp/work/x86_64-linux/binutils-cross-i586/2.30-r0/git/build.x86_64-linux.i586-poky-linux/gold/../../gold/yyscript.y: warning: 1 reduce/reduce conflict [-Wconflicts-rr]
g++  -DHAVE_CONFIG_H -I. -I../../gold  -I../../gold -I../../gold/../include -I../../gold/../elfcpp -DLOCALEDIR="\"/home/build/build/tmp/work/x86_64-linux/binutils-cross-i586/2.30-r0/recipe-sysroot-native/usr/share/locale\"" -DBINDIR="\"/home/build/build/tmp/work/x86_64-linux/binutils-cross-i586/2.30-r0/recipe-sysroot-native/usr/bin/i586-poky-linux\"" -DTOOLBINDIR="\"/home/build/build/tmp/work/x86_64-linux/binutils-cross-i586/2.30-r0/recipe-sysroot-native/usr/i586-poky-linux/bin\"" -DTOOLLIBDIR="\"/home/build/build/tmp/work/x86_64-linux/binutils-cross-i586/2.30-r0/recipe-sysroot-native/usr/i586-poky-linux/lib\""  -isystem/home/build/build/tmp/work/x86_64-linux/binutils-cross-i586/2.30-r0/recipe-sysroot-native/usr/include -W -Wall    -Wstack-usage=262144 -D_LARGEFILE_SOURCE -D_FILE_OFFSET_BITS=64 -frandom-seed=gdb-index.o -I../../gold/../zlib -isystem/home/build/build/tmp/work/x86_64-linux/binutils-cross-i586/2.30-r0/recipe-sysroot-native/usr/include -O2 -pipe -c -o gdb-index.o ../../gold/gdb-index.cc
updating yyscript.h
g++  -DHAVE_CONFIG_H -I. -I../../gold  -I../../gold -I../../gold/../include -I../../gold/../elfcpp -DLOCALEDIR="\"/home/build/build/tmp/work/x86_64-linux/binutils-cross-i586/2.30-r0/recipe-sysroot-native/usr/share/locale\"" -DBINDIR="\"/home/build/build/tmp/work/x86_64-linux/binutils-cross-i586/2.30-r0/recipe-sysroot-native/usr/bin/i586-poky-linux\"" -DTOOLBINDIR="\"/home/build/build/tmp/work/x86_64-linux/binutils-cross-i586/2.30-r0/recipe-sysroot-native/usr/i586-poky-linux/bin\"" -DTOOLLIBDIR="\"/home/build/build/tmp/work/x86_64-linux/binutils-cross-i586/2.30-r0/recipe-sysroot-native/usr/i586-poky-linux/lib\""  -isystem/home/build/build/tmp/work/x86_64-linux/binutils-cross-i586/2.30-r0/recipe-sysroot-native/usr/include -W -Wall    -Wstack-usage=262144 -D_LARGEFILE_SOURCE -D_FILE_OFFSET_BITS=64 -frandom-seed=gold.o -I../../gold/../zlib -isystem/home/build/build/tmp/work/x86_64-linux/binutils-cross-i586/2.30-r0/recipe-sysroot-native/usr/include -O2 -pipe -c -o gold.o ../../gold/gold.cc
g++  -DHAVE_CONFIG_H -I. -I../../gold  -I../../gold -I../../gold/../include -I../../gold/../elfcpp -DLOCALEDIR="\"/home/build/build/tmp/work/x86_64-linux/binutils-cross-i586/2.30-r0/recipe-sysroot-native/usr/share/locale\"" -DBINDIR="\"/home/build/build/tmp/work/x86_64-linux/binutils-cross-i586/2.30-r0/recipe-sysroot-native/usr/bin/i586-poky-linux\"" -DTOOLBINDIR="\"/home/build/build/tmp/work/x86_64-linux/binutils-cross-i586/2.30-r0/recipe-sysroot-native/usr/i586-poky-linux/bin\"" -DTOOLLIBDIR="\"/home/build/build/tmp/work/x86_64-linux/binutils-cross-i586/2.30-r0/recipe-sysroot-native/usr/i586-poky-linux/lib\""  -isystem/home/build/build/tmp/work/x86_64-linux/binutils-cross-i586/2.30-r0/recipe-sysroot-native/usr/include -W -Wall    -Wstack-usage=262144 -D_LARGEFILE_SOURCE -D_FILE_OFFSET_BITS=64 -frandom-seed=gold-threads.o -I../../gold/../zlib -isystem/home/build/build/tmp/work/x86_64-linux/binutils-cross-i586/2.30-r0/recipe-sysroot-native/usr/include -O2 -pipe -c -o gold-threads.o ../../gold/gold-threads.cc
g++  -DHAVE_CONFIG_H -I. -I../../gold  -I../../gold -I../../gold/../include -I../../gold/../elfcpp -DLOCALEDIR="\"/home/build/build/tmp/work/x86_64-linux/binutils-cross-i586/2.30-r0/recipe-sysroot-native/usr/share/locale\"" -DBINDIR="\"/home/build/build/tmp/work/x86_64-linux/binutils-cross-i586/2.30-r0/recipe-sysroot-native/usr/bin/i586-poky-linux\"" -DTOOLBINDIR="\"/home/build/build/tmp/work/x86_64-linux/binutils-cross-i586/2.30-r0/recipe-sysroot-native/usr/i586-poky-linux/bin\"" -DTOOLLIBDIR="\"/home/build/build/tmp/work/x86_64-linux/binutils-cross-i586/2.30-r0/recipe-sysroot-native/usr/i586-poky-linux/lib\""  -isystem/home/build/build/tmp/work/x86_64-linux/binutils-cross-i586/2.30-r0/recipe-sysroot-native/usr/include -W -Wall    -Wstack-usage=262144 -D_LARGEFILE_SOURCE -D_FILE_OFFSET_BITS=64 -frandom-seed=icf.o -I../../gold/../zlib -isystem/home/build/build/tmp/work/x86_64-linux/binutils-cross-i586/2.30-r0/recipe-sysroot-native/usr/include -O2 -pipe -c -o icf.o ../../gold/icf.cc
g++  -DHAVE_CONFIG_H -I. -I../../gold  -I../../gold -I../../gold/../include -I../../gold/../elfcpp -DLOCALEDIR="\"/home/build/build/tmp/work/x86_64-linux/binutils-cross-i586/2.30-r0/recipe-sysroot-native/usr/share/locale\"" -DBINDIR="\"/home/build/build/tmp/work/x86_64-linux/binutils-cross-i586/2.30-r0/recipe-sysroot-native/usr/bin/i586-poky-linux\"" -DTOOLBINDIR="\"/home/build/build/tmp/work/x86_64-linux/binutils-cross-i586/2.30-r0/recipe-sysroot-native/usr/i586-poky-linux/bin\"" -DTOOLLIBDIR="\"/home/build/build/tmp/work/x86_64-linux/binutils-cross-i586/2.30-r0/recipe-sysroot-native/usr/i586-poky-linux/lib\""  -isystem/home/build/build/tmp/work/x86_64-linux/binutils-cross-i586/2.30-r0/recipe-sysroot-native/usr/include -W -Wall    -Wstack-usage=262144 -D_LARGEFILE_SOURCE -D_FILE_OFFSET_BITS=64 -frandom-seed=incremental.o -I../../gold/../zlib -isystem/home/build/build/tmp/work/x86_64-linux/binutils-cross-i586/2.30-r0/recipe-sysroot-native/usr/include -O2 -pipe -c -o incremental.o ../../gold/incremental.cc
g++  -DHAVE_CONFIG_H -I. -I../../gold  -I../../gold -I../../gold/../include -I../../gold/../elfcpp -DLOCALEDIR="\"/home/build/build/tmp/work/x86_64-linux/binutils-cross-i586/2.30-r0/recipe-sysroot-native/usr/share/locale\"" -DBINDIR="\"/home/build/build/tmp/work/x86_64-linux/binutils-cross-i586/2.30-r0/recipe-sysroot-native/usr/bin/i586-poky-linux\"" -DTOOLBINDIR="\"/home/build/build/tmp/work/x86_64-linux/binutils-cross-i586/2.30-r0/recipe-sysroot-native/usr/i586-poky-linux/bin\"" -DTOOLLIBDIR="\"/home/build/build/tmp/work/x86_64-linux/binutils-cross-i586/2.30-r0/recipe-sysroot-native/usr/i586-poky-linux/lib\""  -isystem/home/build/build/tmp/work/x86_64-linux/binutils-cross-i586/2.30-r0/recipe-sysroot-native/usr/include -W -Wall    -Wstack-usage=262144 -D_LARGEFILE_SOURCE -D_FILE_OFFSET_BITS=64 -frandom-seed=int_encoding.o -I../../gold/../zlib -isystem/home/build/build/tmp/work/x86_64-linux/binutils-cross-i586/2.30-r0/recipe-sysroot-native/usr/include -O2 -pipe -c -o int_encoding.o ../../gold/int_encoding.cc
g++  -DHAVE_CONFIG_H -I. -I../../gold  -I../../gold -I../../gold/../include -I../../gold/../elfcpp -DLOCALEDIR="\"/home/build/build/tmp/work/x86_64-linux/binutils-cross-i586/2.30-r0/recipe-sysroot-native/usr/share/locale\"" -DBINDIR="\"/home/build/build/tmp/work/x86_64-linux/binutils-cross-i586/2.30-r0/recipe-sysroot-native/usr/bin/i586-poky-linux\"" -DTOOLBINDIR="\"/home/build/build/tmp/work/x86_64-linux/binutils-cross-i586/2.30-r0/recipe-sysroot-native/usr/i586-poky-linux/bin\"" -DTOOLLIBDIR="\"/home/build/build/tmp/work/x86_64-linux/binutils-cross-i586/2.30-r0/recipe-sysroot-native/usr/i586-poky-linux/lib\""  -isystem/home/build/build/tmp/work/x86_64-linux/binutils-cross-i586/2.30-r0/recipe-sysroot-native/usr/include -W -Wall    -Wstack-usage=262144 -D_LARGEFILE_SOURCE -D_FILE_OFFSET_BITS=64 -frandom-seed=layout.o -I../../gold/../zlib -isystem/home/build/build/tmp/work/x86_64-linux/binutils-cross-i586/2.30-r0/recipe-sysroot-native/usr/include -O2 -pipe -c -o layout.o ../../gold/layout.cc
g++  -DHAVE_CONFIG_H -I. -I../../gold  -I../../gold -I../../gold/../include -I../../gold/../elfcpp -DLOCALEDIR="\"/home/build/build/tmp/work/x86_64-linux/binutils-cross-i586/2.30-r0/recipe-sysroot-native/usr/share/locale\"" -DBINDIR="\"/home/build/build/tmp/work/x86_64-linux/binutils-cross-i586/2.30-r0/recipe-sysroot-native/usr/bin/i586-poky-linux\"" -DTOOLBINDIR="\"/home/build/build/tmp/work/x86_64-linux/binutils-cross-i586/2.30-r0/recipe-sysroot-native/usr/i586-poky-linux/bin\"" -DTOOLLIBDIR="\"/home/build/build/tmp/work/x86_64-linux/binutils-cross-i586/2.30-r0/recipe-sysroot-native/usr/i586-poky-linux/lib\""  -isystem/home/build/build/tmp/work/x86_64-linux/binutils-cross-i586/2.30-r0/recipe-sysroot-native/usr/include -W -Wall    -Wstack-usage=262144 -D_LARGEFILE_SOURCE -D_FILE_OFFSET_BITS=64 -frandom-seed=mapfile.o -I../../gold/../zlib -isystem/home/build/build/tmp/work/x86_64-linux/binutils-cross-i586/2.30-r0/recipe-sysroot-native/usr/include -O2 -pipe -c -o mapfile.o ../../gold/mapfile.cc
g++  -DHAVE_CONFIG_H -I. -I../../gold  -I../../gold -I../../gold/../include -I../../gold/../elfcpp -DLOCALEDIR="\"/home/build/build/tmp/work/x86_64-linux/binutils-cross-i586/2.30-r0/recipe-sysroot-native/usr/share/locale\"" -DBINDIR="\"/home/build/build/tmp/work/x86_64-linux/binutils-cross-i586/2.30-r0/recipe-sysroot-native/usr/bin/i586-poky-linux\"" -DTOOLBINDIR="\"/home/build/build/tmp/work/x86_64-linux/binutils-cross-i586/2.30-r0/recipe-sysroot-native/usr/i586-poky-linux/bin\"" -DTOOLLIBDIR="\"/home/build/build/tmp/work/x86_64-linux/binutils-cross-i586/2.30-r0/recipe-sysroot-native/usr/i586-poky-linux/lib\""  -isystem/home/build/build/tmp/work/x86_64-linux/binutils-cross-i586/2.30-r0/recipe-sysroot-native/usr/include -W -Wall    -Wstack-usage=262144 -D_LARGEFILE_SOURCE -D_FILE_OFFSET_BITS=64 -frandom-seed=merge.o -I../../gold/../zlib -isystem/home/build/build/tmp/work/x86_64-linux/binutils-cross-i586/2.30-r0/recipe-sysroot-native/usr/include -O2 -pipe -c -o merge.o ../../gold/merge.cc
g++  -DHAVE_CONFIG_H -I. -I../../gold  -I../../gold -I../../gold/../include -I../../gold/../elfcpp -DLOCALEDIR="\"/home/build/build/tmp/work/x86_64-linux/binutils-cross-i586/2.30-r0/recipe-sysroot-native/usr/share/locale\"" -DBINDIR="\"/home/build/build/tmp/work/x86_64-linux/binutils-cross-i586/2.30-r0/recipe-sysroot-native/usr/bin/i586-poky-linux\"" -DTOOLBINDIR="\"/home/build/build/tmp/work/x86_64-linux/binutils-cross-i586/2.30-r0/recipe-sysroot-native/usr/i586-poky-linux/bin\"" -DTOOLLIBDIR="\"/home/build/build/tmp/work/x86_64-linux/binutils-cross-i586/2.30-r0/recipe-sysroot-native/usr/i586-poky-linux/lib\""  -isystem/home/build/build/tmp/work/x86_64-linux/binutils-cross-i586/2.30-r0/recipe-sysroot-native/usr/include -W -Wall    -Wstack-usage=262144 -D_LARGEFILE_SOURCE -D_FILE_OFFSET_BITS=64 -frandom-seed=nacl.o -I../../gold/../zlib -isystem/home/build/build/tmp/work/x86_64-linux/binutils-cross-i586/2.30-r0/recipe-sysroot-native/usr/include -O2 -pipe -c -o nacl.o ../../gold/nacl.cc
g++  -DHAVE_CONFIG_H -I. -I../../gold  -I../../gold -I../../gold/../include -I../../gold/../elfcpp -DLOCALEDIR="\"/home/build/build/tmp/work/x86_64-linux/binutils-cross-i586/2.30-r0/recipe-sysroot-native/usr/share/locale\"" -DBINDIR="\"/home/build/build/tmp/work/x86_64-linux/binutils-cross-i586/2.30-r0/recipe-sysroot-native/usr/bin/i586-poky-linux\"" -DTOOLBINDIR="\"/home/build/build/tmp/work/x86_64-linux/binutils-cross-i586/2.30-r0/recipe-sysroot-native/usr/i586-poky-linux/bin\"" -DTOOLLIBDIR="\"/home/build/build/tmp/work/x86_64-linux/binutils-cross-i586/2.30-r0/recipe-sysroot-native/usr/i586-poky-linux/lib\""  -isystem/home/build/build/tmp/work/x86_64-linux/binutils-cross-i586/2.30-r0/recipe-sysroot-native/usr/include -W -Wall    -Wstack-usage=262144 -D_LARGEFILE_SOURCE -D_FILE_OFFSET_BITS=64 -frandom-seed=object.o -I../../gold/../zlib -isystem/home/build/build/tmp/work/x86_64-linux/binutils-cross-i586/2.30-r0/recipe-sysroot-native/usr/include -O2 -pipe -c -o object.o ../../gold/object.cc
g++  -DHAVE_CONFIG_H -I. -I../../gold  -I../../gold -I../../gold/../include -I../../gold/../elfcpp -DLOCALEDIR="\"/home/build/build/tmp/work/x86_64-linux/binutils-cross-i586/2.30-r0/recipe-sysroot-native/usr/share/locale\"" -DBINDIR="\"/home/build/build/tmp/work/x86_64-linux/binutils-cross-i586/2.30-r0/recipe-sysroot-native/usr/bin/i586-poky-linux\"" -DTOOLBINDIR="\"/home/build/build/tmp/work/x86_64-linux/binutils-cross-i586/2.30-r0/recipe-sysroot-native/usr/i586-poky-linux/bin\"" -DTOOLLIBDIR="\"/home/build/build/tmp/work/x86_64-linux/binutils-cross-i586/2.30-r0/recipe-sysroot-native/usr/i586-poky-linux/lib\""  -isystem/home/build/build/tmp/work/x86_64-linux/binutils-cross-i586/2.30-r0/recipe-sysroot-native/usr/include -W -Wall    -Wstack-usage=262144 -D_LARGEFILE_SOURCE -D_FILE_OFFSET_BITS=64 -frandom-seed=options.o -I../../gold/../zlib -isystem/home/build/build/tmp/work/x86_64-linux/binutils-cross-i586/2.30-r0/recipe-sysroot-native/usr/include -O2 -pipe -c -o options.o ../../gold/options.cc
g++  -DHAVE_CONFIG_H -I. -I../../gold  -I../../gold -I../../gold/../include -I../../gold/../elfcpp -DLOCALEDIR="\"/home/build/build/tmp/work/x86_64-linux/binutils-cross-i586/2.30-r0/recipe-sysroot-native/usr/share/locale\"" -DBINDIR="\"/home/build/build/tmp/work/x86_64-linux/binutils-cross-i586/2.30-r0/recipe-sysroot-native/usr/bin/i586-poky-linux\"" -DTOOLBINDIR="\"/home/build/build/tmp/work/x86_64-linux/binutils-cross-i586/2.30-r0/recipe-sysroot-native/usr/i586-poky-linux/bin\"" -DTOOLLIBDIR="\"/home/build/build/tmp/work/x86_64-linux/binutils-cross-i586/2.30-r0/recipe-sysroot-native/usr/i586-poky-linux/lib\""  -isystem/home/build/build/tmp/work/x86_64-linux/binutils-cross-i586/2.30-r0/recipe-sysroot-native/usr/include -W -Wall    -Wstack-usage=262144 -D_LARGEFILE_SOURCE -D_FILE_OFFSET_BITS=64 -frandom-seed=output.o -I../../gold/../zlib -isystem/home/build/build/tmp/work/x86_64-linux/binutils-cross-i586/2.30-r0/recipe-sysroot-native/usr/include -O2 -pipe -c -o output.o ../../gold/output.cc
g++  -DHAVE_CONFIG_H -I. -I../../gold  -I../../gold -I../../gold/../include -I../../gold/../elfcpp -DLOCALEDIR="\"/home/build/build/tmp/work/x86_64-linux/binutils-cross-i586/2.30-r0/recipe-sysroot-native/usr/share/locale\"" -DBINDIR="\"/home/build/build/tmp/work/x86_64-linux/binutils-cross-i586/2.30-r0/recipe-sysroot-native/usr/bin/i586-poky-linux\"" -DTOOLBINDIR="\"/home/build/build/tmp/work/x86_64-linux/binutils-cross-i586/2.30-r0/recipe-sysroot-native/usr/i586-poky-linux/bin\"" -DTOOLLIBDIR="\"/home/build/build/tmp/work/x86_64-linux/binutils-cross-i586/2.30-r0/recipe-sysroot-native/usr/i586-poky-linux/lib\""  -isystem/home/build/build/tmp/work/x86_64-linux/binutils-cross-i586/2.30-r0/recipe-sysroot-native/usr/include -W -Wall    -Wstack-usage=262144 -D_LARGEFILE_SOURCE -D_FILE_OFFSET_BITS=64 -frandom-seed=parameters.o -I../../gold/../zlib -isystem/home/build/build/tmp/work/x86_64-linux/binutils-cross-i586/2.30-r0/recipe-sysroot-native/usr/include -O2 -pipe -c -o parameters.o ../../gold/parameters.cc
g++  -DHAVE_CONFIG_H -I. -I../../gold  -I../../gold -I../../gold/../include -I../../gold/../elfcpp -DLOCALEDIR="\"/home/build/build/tmp/work/x86_64-linux/binutils-cross-i586/2.30-r0/recipe-sysroot-native/usr/share/locale\"" -DBINDIR="\"/home/build/build/tmp/work/x86_64-linux/binutils-cross-i586/2.30-r0/recipe-sysroot-native/usr/bin/i586-poky-linux\"" -DTOOLBINDIR="\"/home/build/build/tmp/work/x86_64-linux/binutils-cross-i586/2.30-r0/recipe-sysroot-native/usr/i586-poky-linux/bin\"" -DTOOLLIBDIR="\"/home/build/build/tmp/work/x86_64-linux/binutils-cross-i586/2.30-r0/recipe-sysroot-native/usr/i586-poky-linux/lib\""  -isystem/home/build/build/tmp/work/x86_64-linux/binutils-cross-i586/2.30-r0/recipe-sysroot-native/usr/include -W -Wall    -Wstack-usage=262144 -D_LARGEFILE_SOURCE -D_FILE_OFFSET_BITS=64 -frandom-seed=plugin.o -I../../gold/../zlib -isystem/home/build/build/tmp/work/x86_64-linux/binutils-cross-i586/2.30-r0/recipe-sysroot-native/usr/include -O2 -pipe -c -o plugin.o ../../gold/plugin.cc
g++  -DHAVE_CONFIG_H -I. -I../../gold  -I../../gold -I../../gold/../include -I../../gold/../elfcpp -DLOCALEDIR="\"/home/build/build/tmp/work/x86_64-linux/binutils-cross-i586/2.30-r0/recipe-sysroot-native/usr/share/locale\"" -DBINDIR="\"/home/build/build/tmp/work/x86_64-linux/binutils-cross-i586/2.30-r0/recipe-sysroot-native/usr/bin/i586-poky-linux\"" -DTOOLBINDIR="\"/home/build/build/tmp/work/x86_64-linux/binutils-cross-i586/2.30-r0/recipe-sysroot-native/usr/i586-poky-linux/bin\"" -DTOOLLIBDIR="\"/home/build/build/tmp/work/x86_64-linux/binutils-cross-i586/2.30-r0/recipe-sysroot-native/usr/i586-poky-linux/lib\""  -isystem/home/build/build/tmp/work/x86_64-linux/binutils-cross-i586/2.30-r0/recipe-sysroot-native/usr/include -W -Wall    -Wstack-usage=262144 -D_LARGEFILE_SOURCE -D_FILE_OFFSET_BITS=64 -frandom-seed=readsyms.o -I../../gold/../zlib -isystem/home/build/build/tmp/work/x86_64-linux/binutils-cross-i586/2.30-r0/recipe-sysroot-native/usr/include -O2 -pipe -c -o readsyms.o ../../gold/readsyms.cc
g++  -DHAVE_CONFIG_H -I. -I../../gold  -I../../gold -I../../gold/../include -I../../gold/../elfcpp -DLOCALEDIR="\"/home/build/build/tmp/work/x86_64-linux/binutils-cross-i586/2.30-r0/recipe-sysroot-native/usr/share/locale\"" -DBINDIR="\"/home/build/build/tmp/work/x86_64-linux/binutils-cross-i586/2.30-r0/recipe-sysroot-native/usr/bin/i586-poky-linux\"" -DTOOLBINDIR="\"/home/build/build/tmp/work/x86_64-linux/binutils-cross-i586/2.30-r0/recipe-sysroot-native/usr/i586-poky-linux/bin\"" -DTOOLLIBDIR="\"/home/build/build/tmp/work/x86_64-linux/binutils-cross-i586/2.30-r0/recipe-sysroot-native/usr/i586-poky-linux/lib\""  -isystem/home/build/build/tmp/work/x86_64-linux/binutils-cross-i586/2.30-r0/recipe-sysroot-native/usr/include -W -Wall    -Wstack-usage=262144 -D_LARGEFILE_SOURCE -D_FILE_OFFSET_BITS=64 -frandom-seed=reduced_debug_output.o -I../../gold/../zlib -isystem/home/build/build/tmp/work/x86_64-linux/binutils-cross-i586/2.30-r0/recipe-sysroot-native/usr/include -O2 -pipe -c -o reduced_debug_output.o ../../gold/reduced_debug_output.cc
g++  -DHAVE_CONFIG_H -I. -I../../gold  -I../../gold -I../../gold/../include -I../../gold/../elfcpp -DLOCALEDIR="\"/home/build/build/tmp/work/x86_64-linux/binutils-cross-i586/2.30-r0/recipe-sysroot-native/usr/share/locale\"" -DBINDIR="\"/home/build/build/tmp/work/x86_64-linux/binutils-cross-i586/2.30-r0/recipe-sysroot-native/usr/bin/i586-poky-linux\"" -DTOOLBINDIR="\"/home/build/build/tmp/work/x86_64-linux/binutils-cross-i586/2.30-r0/recipe-sysroot-native/usr/i586-poky-linux/bin\"" -DTOOLLIBDIR="\"/home/build/build/tmp/work/x86_64-linux/binutils-cross-i586/2.30-r0/recipe-sysroot-native/usr/i586-poky-linux/lib\""  -isystem/home/build/build/tmp/work/x86_64-linux/binutils-cross-i586/2.30-r0/recipe-sysroot-native/usr/include -W -Wall    -Wstack-usage=262144 -D_LARGEFILE_SOURCE -D_FILE_OFFSET_BITS=64 -frandom-seed=reloc.o -I../../gold/../zlib -isystem/home/build/build/tmp/work/x86_64-linux/binutils-cross-i586/2.30-r0/recipe-sysroot-native/usr/include -O2 -pipe -c -o reloc.o ../../gold/reloc.cc
g++  -DHAVE_CONFIG_H -I. -I../../gold  -I../../gold -I../../gold/../include -I../../gold/../elfcpp -DLOCALEDIR="\"/home/build/build/tmp/work/x86_64-linux/binutils-cross-i586/2.30-r0/recipe-sysroot-native/usr/share/locale\"" -DBINDIR="\"/home/build/build/tmp/work/x86_64-linux/binutils-cross-i586/2.30-r0/recipe-sysroot-native/usr/bin/i586-poky-linux\"" -DTOOLBINDIR="\"/home/build/build/tmp/work/x86_64-linux/binutils-cross-i586/2.30-r0/recipe-sysroot-native/usr/i586-poky-linux/bin\"" -DTOOLLIBDIR="\"/home/build/build/tmp/work/x86_64-linux/binutils-cross-i586/2.30-r0/recipe-sysroot-native/usr/i586-poky-linux/lib\""  -isystem/home/build/build/tmp/work/x86_64-linux/binutils-cross-i586/2.30-r0/recipe-sysroot-native/usr/include -W -Wall    -Wstack-usage=262144 -D_LARGEFILE_SOURCE -D_FILE_OFFSET_BITS=64 -frandom-seed=resolve.o -I../../gold/../zlib -isystem/home/build/build/tmp/work/x86_64-linux/binutils-cross-i586/2.30-r0/recipe-sysroot-native/usr/include -O2 -pipe -c -o resolve.o ../../gold/resolve.cc
g++  -DHAVE_CONFIG_H -I. -I../../gold  -I../../gold -I../../gold/../include -I../../gold/../elfcpp -DLOCALEDIR="\"/home/build/build/tmp/work/x86_64-linux/binutils-cross-i586/2.30-r0/recipe-sysroot-native/usr/share/locale\"" -DBINDIR="\"/home/build/build/tmp/work/x86_64-linux/binutils-cross-i586/2.30-r0/recipe-sysroot-native/usr/bin/i586-poky-linux\"" -DTOOLBINDIR="\"/home/build/build/tmp/work/x86_64-linux/binutils-cross-i586/2.30-r0/recipe-sysroot-native/usr/i586-poky-linux/bin\"" -DTOOLLIBDIR="\"/home/build/build/tmp/work/x86_64-linux/binutils-cross-i586/2.30-r0/recipe-sysroot-native/usr/i586-poky-linux/lib\""  -isystem/home/build/build/tmp/work/x86_64-linux/binutils-cross-i586/2.30-r0/recipe-sysroot-native/usr/include -W -Wall    -Wstack-usage=262144 -D_LARGEFILE_SOURCE -D_FILE_OFFSET_BITS=64 -frandom-seed=stringpool.o -I../../gold/../zlib -isystem/home/build/build/tmp/work/x86_64-linux/binutils-cross-i586/2.30-r0/recipe-sysroot-native/usr/include -O2 -pipe -c -o stringpool.o ../../gold/stringpool.cc
g++  -DHAVE_CONFIG_H -I. -I../../gold  -I../../gold -I../../gold/../include -I../../gold/../elfcpp -DLOCALEDIR="\"/home/build/build/tmp/work/x86_64-linux/binutils-cross-i586/2.30-r0/recipe-sysroot-native/usr/share/locale\"" -DBINDIR="\"/home/build/build/tmp/work/x86_64-linux/binutils-cross-i586/2.30-r0/recipe-sysroot-native/usr/bin/i586-poky-linux\"" -DTOOLBINDIR="\"/home/build/build/tmp/work/x86_64-linux/binutils-cross-i586/2.30-r0/recipe-sysroot-native/usr/i586-poky-linux/bin\"" -DTOOLLIBDIR="\"/home/build/build/tmp/work/x86_64-linux/binutils-cross-i586/2.30-r0/recipe-sysroot-native/usr/i586-poky-linux/lib\""  -isystem/home/build/build/tmp/work/x86_64-linux/binutils-cross-i586/2.30-r0/recipe-sysroot-native/usr/include -W -Wall    -Wstack-usage=262144 -D_LARGEFILE_SOURCE -D_FILE_OFFSET_BITS=64 -frandom-seed=symtab.o -I../../gold/../zlib -isystem/home/build/build/tmp/work/x86_64-linux/binutils-cross-i586/2.30-r0/recipe-sysroot-native/usr/include -O2 -pipe -c -o symtab.o ../../gold/symtab.cc
g++  -DHAVE_CONFIG_H -I. -I../../gold  -I../../gold -I../../gold/../include -I../../gold/../elfcpp -DLOCALEDIR="\"/home/build/build/tmp/work/x86_64-linux/binutils-cross-i586/2.30-r0/recipe-sysroot-native/usr/share/locale\"" -DBINDIR="\"/home/build/build/tmp/work/x86_64-linux/binutils-cross-i586/2.30-r0/recipe-sysroot-native/usr/bin/i586-poky-linux\"" -DTOOLBINDIR="\"/home/build/build/tmp/work/x86_64-linux/binutils-cross-i586/2.30-r0/recipe-sysroot-native/usr/i586-poky-linux/bin\"" -DTOOLLIBDIR="\"/home/build/build/tmp/work/x86_64-linux/binutils-cross-i586/2.30-r0/recipe-sysroot-native/usr/i586-poky-linux/lib\""  -isystem/home/build/build/tmp/work/x86_64-linux/binutils-cross-i586/2.30-r0/recipe-sysroot-native/usr/include -W -Wall    -Wstack-usage=262144 -D_LARGEFILE_SOURCE -D_FILE_OFFSET_BITS=64 -frandom-seed=target.o -I../../gold/../zlib -isystem/home/build/build/tmp/work/x86_64-linux/binutils-cross-i586/2.30-r0/recipe-sysroot-native/usr/include -O2 -pipe -c -o target.o ../../gold/target.cc
g++  -DHAVE_CONFIG_H -I. -I../../gold  -I../../gold -I../../gold/../include -I../../gold/../elfcpp -DLOCALEDIR="\"/home/build/build/tmp/work/x86_64-linux/binutils-cross-i586/2.30-r0/recipe-sysroot-native/usr/share/locale\"" -DBINDIR="\"/home/build/build/tmp/work/x86_64-linux/binutils-cross-i586/2.30-r0/recipe-sysroot-native/usr/bin/i586-poky-linux\"" -DTOOLBINDIR="\"/home/build/build/tmp/work/x86_64-linux/binutils-cross-i586/2.30-r0/recipe-sysroot-native/usr/i586-poky-linux/bin\"" -DTOOLLIBDIR="\"/home/build/build/tmp/work/x86_64-linux/binutils-cross-i586/2.30-r0/recipe-sysroot-native/usr/i586-poky-linux/lib\""  -isystem/home/build/build/tmp/work/x86_64-linux/binutils-cross-i586/2.30-r0/recipe-sysroot-native/usr/include -W -Wall    -Wstack-usage=262144 -D_LARGEFILE_SOURCE -D_FILE_OFFSET_BITS=64 -frandom-seed=target-select.o -I../../gold/../zlib -isystem/home/build/build/tmp/work/x86_64-linux/binutils-cross-i586/2.30-r0/recipe-sysroot-native/usr/include -O2 -pipe -c -o target-select.o ../../gold/target-select.cc
g++  -DHAVE_CONFIG_H -I. -I../../gold  -I../../gold -I../../gold/../include -I../../gold/../elfcpp -DLOCALEDIR="\"/home/build/build/tmp/work/x86_64-linux/binutils-cross-i586/2.30-r0/recipe-sysroot-native/usr/share/locale\"" -DBINDIR="\"/home/build/build/tmp/work/x86_64-linux/binutils-cross-i586/2.30-r0/recipe-sysroot-native/usr/bin/i586-poky-linux\"" -DTOOLBINDIR="\"/home/build/build/tmp/work/x86_64-linux/binutils-cross-i586/2.30-r0/recipe-sysroot-native/usr/i586-poky-linux/bin\"" -DTOOLLIBDIR="\"/home/build/build/tmp/work/x86_64-linux/binutils-cross-i586/2.30-r0/recipe-sysroot-native/usr/i586-poky-linux/lib\""  -isystem/home/build/build/tmp/work/x86_64-linux/binutils-cross-i586/2.30-r0/recipe-sysroot-native/usr/include -W -Wall    -Wstack-usage=262144 -D_LARGEFILE_SOURCE -D_FILE_OFFSET_BITS=64 -frandom-seed=timer.o -I../../gold/../zlib -isystem/home/build/build/tmp/work/x86_64-linux/binutils-cross-i586/2.30-r0/recipe-sysroot-native/usr/include -O2 -pipe -c -o timer.o ../../gold/timer.cc
g++  -DHAVE_CONFIG_H -I. -I../../gold  -I../../gold -I../../gold/../include -I../../gold/../elfcpp -DLOCALEDIR="\"/home/build/build/tmp/work/x86_64-linux/binutils-cross-i586/2.30-r0/recipe-sysroot-native/usr/share/locale\"" -DBINDIR="\"/home/build/build/tmp/work/x86_64-linux/binutils-cross-i586/2.30-r0/recipe-sysroot-native/usr/bin/i586-poky-linux\"" -DTOOLBINDIR="\"/home/build/build/tmp/work/x86_64-linux/binutils-cross-i586/2.30-r0/recipe-sysroot-native/usr/i586-poky-linux/bin\"" -DTOOLLIBDIR="\"/home/build/build/tmp/work/x86_64-linux/binutils-cross-i586/2.30-r0/recipe-sysroot-native/usr/i586-poky-linux/lib\""  -isystem/home/build/build/tmp/work/x86_64-linux/binutils-cross-i586/2.30-r0/recipe-sysroot-native/usr/include -W -Wall    -Wstack-usage=262144 -D_LARGEFILE_SOURCE -D_FILE_OFFSET_BITS=64 -frandom-seed=version.o -I../../gold/../zlib -isystem/home/build/build/tmp/work/x86_64-linux/binutils-cross-i586/2.30-r0/recipe-sysroot-native/usr/include -O2 -pipe -c -o version.o ../../gold/version.cc
g++  -DHAVE_CONFIG_H -I. -I../../gold  -I../../gold -I../../gold/../include -I../../gold/../elfcpp -DLOCALEDIR="\"/home/build/build/tmp/work/x86_64-linux/binutils-cross-i586/2.30-r0/recipe-sysroot-native/usr/share/locale\"" -DBINDIR="\"/home/build/build/tmp/work/x86_64-linux/binutils-cross-i586/2.30-r0/recipe-sysroot-native/usr/bin/i586-poky-linux\"" -DTOOLBINDIR="\"/home/build/build/tmp/work/x86_64-linux/binutils-cross-i586/2.30-r0/recipe-sysroot-native/usr/i586-poky-linux/bin\"" -DTOOLLIBDIR="\"/home/build/build/tmp/work/x86_64-linux/binutils-cross-i586/2.30-r0/recipe-sysroot-native/usr/i586-poky-linux/lib\""  -isystem/home/build/build/tmp/work/x86_64-linux/binutils-cross-i586/2.30-r0/recipe-sysroot-native/usr/include -W -Wall    -Wstack-usage=262144 -D_LARGEFILE_SOURCE -D_FILE_OFFSET_BITS=64 -frandom-seed=workqueue.o -I../../gold/../zlib -isystem/home/build/build/tmp/work/x86_64-linux/binutils-cross-i586/2.30-r0/recipe-sysroot-native/usr/include -O2 -pipe -c -o workqueue.o ../../gold/workqueue.cc
g++  -DHAVE_CONFIG_H -I. -I../../gold  -I../../gold -I../../gold/../include -I../../gold/../elfcpp -DLOCALEDIR="\"/home/build/build/tmp/work/x86_64-linux/binutils-cross-i586/2.30-r0/recipe-sysroot-native/usr/share/locale\"" -DBINDIR="\"/home/build/build/tmp/work/x86_64-linux/binutils-cross-i586/2.30-r0/recipe-sysroot-native/usr/bin/i586-poky-linux\"" -DTOOLBINDIR="\"/home/build/build/tmp/work/x86_64-linux/binutils-cross-i586/2.30-r0/recipe-sysroot-native/usr/i586-poky-linux/bin\"" -DTOOLLIBDIR="\"/home/build/build/tmp/work/x86_64-linux/binutils-cross-i586/2.30-r0/recipe-sysroot-native/usr/i586-poky-linux/lib\""  -isystem/home/build/build/tmp/work/x86_64-linux/binutils-cross-i586/2.30-r0/recipe-sysroot-native/usr/include -W -Wall    -Wstack-usage=262144 -D_LARGEFILE_SOURCE -D_FILE_OFFSET_BITS=64 -frandom-seed=workqueue-threads.o -I../../gold/../zlib -isystem/home/build/build/tmp/work/x86_64-linux/binutils-cross-i586/2.30-r0/recipe-sysroot-native/usr/include -O2 -pipe -c -o workqueue-threads.o ../../gold/workqueue-threads.cc
gcc  -DHAVE_CONFIG_H -I. -I../../gold  -I../../gold -I../../gold/../include -I../../gold/../elfcpp -DLOCALEDIR="\"/home/build/build/tmp/work/x86_64-linux/binutils-cross-i586/2.30-r0/recipe-sysroot-native/usr/share/locale\"" -DBINDIR="\"/home/build/build/tmp/work/x86_64-linux/binutils-cross-i586/2.30-r0/recipe-sysroot-native/usr/bin/i586-poky-linux\"" -DTOOLBINDIR="\"/home/build/build/tmp/work/x86_64-linux/binutils-cross-i586/2.30-r0/recipe-sysroot-native/usr/i586-poky-linux/bin\"" -DTOOLLIBDIR="\"/home/build/build/tmp/work/x86_64-linux/binutils-cross-i586/2.30-r0/recipe-sysroot-native/usr/i586-poky-linux/lib\""  -isystem/home/build/build/tmp/work/x86_64-linux/binutils-cross-i586/2.30-r0/recipe-sysroot-native/usr/include -W -Wall -Wstrict-prototypes -Wmissing-prototypes -Wshadow -Wstack-usage=262144 -D_LARGEFILE_SOURCE -D_FILE_OFFSET_BITS=64 -frandom-seed=yyscript.o -I../../gold/../zlib -isystem/home/build/build/tmp/work/x86_64-linux/binutils-cross-i586/2.30-r0/recipe-sysroot-native/usr/include -O2 -pipe -c yyscript.c
g++  -DHAVE_CONFIG_H -I. -I../../gold  -I../../gold -I../../gold/../include -I../../gold/../elfcpp -DLOCALEDIR="\"/home/build/build/tmp/work/x86_64-linux/binutils-cross-i586/2.30-r0/recipe-sysroot-native/usr/share/locale\"" -DBINDIR="\"/home/build/build/tmp/work/x86_64-linux/binutils-cross-i586/2.30-r0/recipe-sysroot-native/usr/bin/i586-poky-linux\"" -DTOOLBINDIR="\"/home/build/build/tmp/work/x86_64-linux/binutils-cross-i586/2.30-r0/recipe-sysroot-native/usr/i586-poky-linux/bin\"" -DTOOLLIBDIR="\"/home/build/build/tmp/work/x86_64-linux/binutils-cross-i586/2.30-r0/recipe-sysroot-native/usr/i586-poky-linux/lib\""  -isystem/home/build/build/tmp/work/x86_64-linux/binutils-cross-i586/2.30-r0/recipe-sysroot-native/usr/include -W -Wall    -Wstack-usage=262144 -D_LARGEFILE_SOURCE -D_FILE_OFFSET_BITS=64 -frandom-seed=dwp.o -I../../gold/../zlib -isystem/home/build/build/tmp/work/x86_64-linux/binutils-cross-i586/2.30-r0/recipe-sysroot-native/usr/include -O2 -pipe -c -o dwp.o ../../gold/dwp.cc
g++  -DHAVE_CONFIG_H -I. -I../../gold  -I../../gold -I../../gold/../include -I../../gold/../elfcpp -DLOCALEDIR="\"/home/build/build/tmp/work/x86_64-linux/binutils-cross-i586/2.30-r0/recipe-sysroot-native/usr/share/locale\"" -DBINDIR="\"/home/build/build/tmp/work/x86_64-linux/binutils-cross-i586/2.30-r0/recipe-sysroot-native/usr/bin/i586-poky-linux\"" -DTOOLBINDIR="\"/home/build/build/tmp/work/x86_64-linux/binutils-cross-i586/2.30-r0/recipe-sysroot-native/usr/i586-poky-linux/bin\"" -DTOOLLIBDIR="\"/home/build/build/tmp/work/x86_64-linux/binutils-cross-i586/2.30-r0/recipe-sysroot-native/usr/i586-poky-linux/lib\""  -isystem/home/build/build/tmp/work/x86_64-linux/binutils-cross-i586/2.30-r0/recipe-sysroot-native/usr/include -W -Wall    -Wstack-usage=262144 -D_LARGEFILE_SOURCE -D_FILE_OFFSET_BITS=64 -frandom-seed=main.o -I../../gold/../zlib -isystem/home/build/build/tmp/work/x86_64-linux/binutils-cross-i586/2.30-r0/recipe-sysroot-native/usr/include -O2 -pipe -c -o main.o ../../gold/main.cc
g++  -DHAVE_CONFIG_H -I. -I../../gold  -I../../gold -I../../gold/../include -I../../gold/../elfcpp -DLOCALEDIR="\"/home/build/build/tmp/work/x86_64-linux/binutils-cross-i586/2.30-r0/recipe-sysroot-native/usr/share/locale\"" -DBINDIR="\"/home/build/build/tmp/work/x86_64-linux/binutils-cross-i586/2.30-r0/recipe-sysroot-native/usr/bin/i586-poky-linux\"" -DTOOLBINDIR="\"/home/build/build/tmp/work/x86_64-linux/binutils-cross-i586/2.30-r0/recipe-sysroot-native/usr/i586-poky-linux/bin\"" -DTOOLLIBDIR="\"/home/build/build/tmp/work/x86_64-linux/binutils-cross-i586/2.30-r0/recipe-sysroot-native/usr/i586-poky-linux/lib\""  -isystem/home/build/build/tmp/work/x86_64-linux/binutils-cross-i586/2.30-r0/recipe-sysroot-native/usr/include -W -Wall    -Wstack-usage=262144 -D_LARGEFILE_SOURCE -D_FILE_OFFSET_BITS=64 -frandom-seed=i386.o -I../../gold/../zlib -isystem/home/build/build/tmp/work/x86_64-linux/binutils-cross-i586/2.30-r0/recipe-sysroot-native/usr/include -O2 -pipe -c -o i386.o ../../gold/i386.cc
g++  -DHAVE_CONFIG_H -I. -I../../gold  -I../../gold -I../../gold/../include -I../../gold/../elfcpp -DLOCALEDIR="\"/home/build/build/tmp/work/x86_64-linux/binutils-cross-i586/2.30-r0/recipe-sysroot-native/usr/share/locale\"" -DBINDIR="\"/home/build/build/tmp/work/x86_64-linux/binutils-cross-i586/2.30-r0/recipe-sysroot-native/usr/bin/i586-poky-linux\"" -DTOOLBINDIR="\"/home/build/build/tmp/work/x86_64-linux/binutils-cross-i586/2.30-r0/recipe-sysroot-native/usr/i586-poky-linux/bin\"" -DTOOLLIBDIR="\"/home/build/build/tmp/work/x86_64-linux/binutils-cross-i586/2.30-r0/recipe-sysroot-native/usr/i586-poky-linux/lib\""  -isystem/home/build/build/tmp/work/x86_64-linux/binutils-cross-i586/2.30-r0/recipe-sysroot-native/usr/include -W -Wall    -Wstack-usage=262144 -D_LARGEFILE_SOURCE -D_FILE_OFFSET_BITS=64 -frandom-seed=x86_64.o -I../../gold/../zlib -isystem/home/build/build/tmp/work/x86_64-linux/binutils-cross-i586/2.30-r0/recipe-sysroot-native/usr/include -O2 -pipe -c -o x86_64.o ../../gold/x86_64.cc
g++  -DHAVE_CONFIG_H -I. -I../../gold  -I../../gold -I../../gold/../include -I../../gold/../elfcpp -DLOCALEDIR="\"/home/build/build/tmp/work/x86_64-linux/binutils-cross-i586/2.30-r0/recipe-sysroot-native/usr/share/locale\"" -DBINDIR="\"/home/build/build/tmp/work/x86_64-linux/binutils-cross-i586/2.30-r0/recipe-sysroot-native/usr/bin/i586-poky-linux\"" -DTOOLBINDIR="\"/home/build/build/tmp/work/x86_64-linux/binutils-cross-i586/2.30-r0/recipe-sysroot-native/usr/i586-poky-linux/bin\"" -DTOOLLIBDIR="\"/home/build/build/tmp/work/x86_64-linux/binutils-cross-i586/2.30-r0/recipe-sysroot-native/usr/i586-poky-linux/lib\""  -isystem/home/build/build/tmp/work/x86_64-linux/binutils-cross-i586/2.30-r0/recipe-sysroot-native/usr/include -W -Wall    -Wstack-usage=262144 -D_LARGEFILE_SOURCE -D_FILE_OFFSET_BITS=64 -frandom-seed=sparc.o -I../../gold/../zlib -isystem/home/build/build/tmp/work/x86_64-linux/binutils-cross-i586/2.30-r0/recipe-sysroot-native/usr/include -O2 -pipe -c -o sparc.o ../../gold/sparc.cc
g++  -DHAVE_CONFIG_H -I. -I../../gold  -I../../gold -I../../gold/../include -I../../gold/../elfcpp -DLOCALEDIR="\"/home/build/build/tmp/work/x86_64-linux/binutils-cross-i586/2.30-r0/recipe-sysroot-native/usr/share/locale\"" -DBINDIR="\"/home/build/build/tmp/work/x86_64-linux/binutils-cross-i586/2.30-r0/recipe-sysroot-native/usr/bin/i586-poky-linux\"" -DTOOLBINDIR="\"/home/build/build/tmp/work/x86_64-linux/binutils-cross-i586/2.30-r0/recipe-sysroot-native/usr/i586-poky-linux/bin\"" -DTOOLLIBDIR="\"/home/build/build/tmp/work/x86_64-linux/binutils-cross-i586/2.30-r0/recipe-sysroot-native/usr/i586-poky-linux/lib\""  -isystem/home/build/build/tmp/work/x86_64-linux/binutils-cross-i586/2.30-r0/recipe-sysroot-native/usr/include -W -Wall    -Wstack-usage=262144 -D_LARGEFILE_SOURCE -D_FILE_OFFSET_BITS=64 -frandom-seed=powerpc.o -I../../gold/../zlib -isystem/home/build/build/tmp/work/x86_64-linux/binutils-cross-i586/2.30-r0/recipe-sysroot-native/usr/include -O2 -pipe -c -o powerpc.o ../../gold/powerpc.cc
g++  -DHAVE_CONFIG_H -I. -I../../gold  -I../../gold -I../../gold/../include -I../../gold/../elfcpp -DLOCALEDIR="\"/home/build/build/tmp/work/x86_64-linux/binutils-cross-i586/2.30-r0/recipe-sysroot-native/usr/share/locale\"" -DBINDIR="\"/home/build/build/tmp/work/x86_64-linux/binutils-cross-i586/2.30-r0/recipe-sysroot-native/usr/bin/i586-poky-linux\"" -DTOOLBINDIR="\"/home/build/build/tmp/work/x86_64-linux/binutils-cross-i586/2.30-r0/recipe-sysroot-native/usr/i586-poky-linux/bin\"" -DTOOLLIBDIR="\"/home/build/build/tmp/work/x86_64-linux/binutils-cross-i586/2.30-r0/recipe-sysroot-native/usr/i586-poky-linux/lib\""  -isystem/home/build/build/tmp/work/x86_64-linux/binutils-cross-i586/2.30-r0/recipe-sysroot-native/usr/include -W -Wall    -Wstack-usage=262144 -D_LARGEFILE_SOURCE -D_FILE_OFFSET_BITS=64 -frandom-seed=arm.o -I../../gold/../zlib -isystem/home/build/build/tmp/work/x86_64-linux/binutils-cross-i586/2.30-r0/recipe-sysroot-native/usr/include -O2 -pipe -c -o arm.o ../../gold/arm.cc
g++  -DHAVE_CONFIG_H -I. -I../../gold  -I../../gold -I../../gold/../include -I../../gold/../elfcpp -DLOCALEDIR="\"/home/build/build/tmp/work/x86_64-linux/binutils-cross-i586/2.30-r0/recipe-sysroot-native/usr/share/locale\"" -DBINDIR="\"/home/build/build/tmp/work/x86_64-linux/binutils-cross-i586/2.30-r0/recipe-sysroot-native/usr/bin/i586-poky-linux\"" -DTOOLBINDIR="\"/home/build/build/tmp/work/x86_64-linux/binutils-cross-i586/2.30-r0/recipe-sysroot-native/usr/i586-poky-linux/bin\"" -DTOOLLIBDIR="\"/home/build/build/tmp/work/x86_64-linux/binutils-cross-i586/2.30-r0/recipe-sysroot-native/usr/i586-poky-linux/lib\""  -isystem/home/build/build/tmp/work/x86_64-linux/binutils-cross-i586/2.30-r0/recipe-sysroot-native/usr/include -W -Wall    -Wstack-usage=262144 -D_LARGEFILE_SOURCE -D_FILE_OFFSET_BITS=64 -frandom-seed=arm-reloc-property.o -I../../gold/../zlib -isystem/home/build/build/tmp/work/x86_64-linux/binutils-cross-i586/2.30-r0/recipe-sysroot-native/usr/include -O2 -pipe -c -o arm-reloc-property.o ../../gold/arm-reloc-property.cc
g++  -DHAVE_CONFIG_H -I. -I../../gold  -I../../gold -I../../gold/../include -I../../gold/../elfcpp -DLOCALEDIR="\"/home/build/build/tmp/work/x86_64-linux/binutils-cross-i586/2.30-r0/recipe-sysroot-native/usr/share/locale\"" -DBINDIR="\"/home/build/build/tmp/work/x86_64-linux/binutils-cross-i586/2.30-r0/recipe-sysroot-native/usr/bin/i586-poky-linux\"" -DTOOLBINDIR="\"/home/build/build/tmp/work/x86_64-linux/binutils-cross-i586/2.30-r0/recipe-sysroot-native/usr/i586-poky-linux/bin\"" -DTOOLLIBDIR="\"/home/build/build/tmp/work/x86_64-linux/binutils-cross-i586/2.30-r0/recipe-sysroot-native/usr/i586-poky-linux/lib\""  -isystem/home/build/build/tmp/work/x86_64-linux/binutils-cross-i586/2.30-r0/recipe-sysroot-native/usr/include -W -Wall    -Wstack-usage=262144 -D_LARGEFILE_SOURCE -D_FILE_OFFSET_BITS=64 -frandom-seed=tilegx.o -I../../gold/../zlib -isystem/home/build/build/tmp/work/x86_64-linux/binutils-cross-i586/2.30-r0/recipe-sysroot-native/usr/include -O2 -pipe -c -o tilegx.o ../../gold/tilegx.cc
g++  -DHAVE_CONFIG_H -I. -I../../gold  -I../../gold -I../../gold/../include -I../../gold/../elfcpp -DLOCALEDIR="\"/home/build/build/tmp/work/x86_64-linux/binutils-cross-i586/2.30-r0/recipe-sysroot-native/usr/share/locale\"" -DBINDIR="\"/home/build/build/tmp/work/x86_64-linux/binutils-cross-i586/2.30-r0/recipe-sysroot-native/usr/bin/i586-poky-linux\"" -DTOOLBINDIR="\"/home/build/build/tmp/work/x86_64-linux/binutils-cross-i586/2.30-r0/recipe-sysroot-native/usr/i586-poky-linux/bin\"" -DTOOLLIBDIR="\"/home/build/build/tmp/work/x86_64-linux/binutils-cross-i586/2.30-r0/recipe-sysroot-native/usr/i586-poky-linux/lib\""  -isystem/home/build/build/tmp/work/x86_64-linux/binutils-cross-i586/2.30-r0/recipe-sysroot-native/usr/include -W -Wall    -Wstack-usage=262144 -D_LARGEFILE_SOURCE -D_FILE_OFFSET_BITS=64 -frandom-seed=mips.o -I../../gold/../zlib -isystem/home/build/build/tmp/work/x86_64-linux/binutils-cross-i586/2.30-r0/recipe-sysroot-native/usr/include -O2 -pipe -c -o mips.o ../../gold/mips.cc
g++  -DHAVE_CONFIG_H -I. -I../../gold  -I../../gold -I../../gold/../include -I../../gold/../elfcpp -DLOCALEDIR="\"/home/build/build/tmp/work/x86_64-linux/binutils-cross-i586/2.30-r0/recipe-sysroot-native/usr/share/locale\"" -DBINDIR="\"/home/build/build/tmp/work/x86_64-linux/binutils-cross-i586/2.30-r0/recipe-sysroot-native/usr/bin/i586-poky-linux\"" -DTOOLBINDIR="\"/home/build/build/tmp/work/x86_64-linux/binutils-cross-i586/2.30-r0/recipe-sysroot-native/usr/i586-poky-linux/bin\"" -DTOOLLIBDIR="\"/home/build/build/tmp/work/x86_64-linux/binutils-cross-i586/2.30-r0/recipe-sysroot-native/usr/i586-poky-linux/lib\""  -isystem/home/build/build/tmp/work/x86_64-linux/binutils-cross-i586/2.30-r0/recipe-sysroot-native/usr/include -W -Wall    -Wstack-usage=262144 -D_LARGEFILE_SOURCE -D_FILE_OFFSET_BITS=64 -frandom-seed=aarch64.o -I../../gold/../zlib -isystem/home/build/build/tmp/work/x86_64-linux/binutils-cross-i586/2.30-r0/recipe-sysroot-native/usr/include -O2 -pipe -c -o aarch64.o ../../gold/aarch64.cc
g++  -DHAVE_CONFIG_H -I. -I../../gold  -I../../gold -I../../gold/../include -I../../gold/../elfcpp -DLOCALEDIR="\"/home/build/build/tmp/work/x86_64-linux/binutils-cross-i586/2.30-r0/recipe-sysroot-native/usr/share/locale\"" -DBINDIR="\"/home/build/build/tmp/work/x86_64-linux/binutils-cross-i586/2.30-r0/recipe-sysroot-native/usr/bin/i586-poky-linux\"" -DTOOLBINDIR="\"/home/build/build/tmp/work/x86_64-linux/binutils-cross-i586/2.30-r0/recipe-sysroot-native/usr/i586-poky-linux/bin\"" -DTOOLLIBDIR="\"/home/build/build/tmp/work/x86_64-linux/binutils-cross-i586/2.30-r0/recipe-sysroot-native/usr/i586-poky-linux/lib\""  -isystem/home/build/build/tmp/work/x86_64-linux/binutils-cross-i586/2.30-r0/recipe-sysroot-native/usr/include -W -Wall    -Wstack-usage=262144 -D_LARGEFILE_SOURCE -D_FILE_OFFSET_BITS=64 -frandom-seed=aarch64-reloc-property.o -I../../gold/../zlib -isystem/home/build/build/tmp/work/x86_64-linux/binutils-cross-i586/2.30-r0/recipe-sysroot-native/usr/include -O2 -pipe -c -o aarch64-reloc-property.o ../../gold/aarch64-reloc-property.cc
g++  -DHAVE_CONFIG_H -I. -I../../gold  -I../../gold -I../../gold/../include -I../../gold/../elfcpp -DLOCALEDIR="\"/home/build/build/tmp/work/x86_64-linux/binutils-cross-i586/2.30-r0/recipe-sysroot-native/usr/share/locale\"" -DBINDIR="\"/home/build/build/tmp/work/x86_64-linux/binutils-cross-i586/2.30-r0/recipe-sysroot-native/usr/bin/i586-poky-linux\"" -DTOOLBINDIR="\"/home/build/build/tmp/work/x86_64-linux/binutils-cross-i586/2.30-r0/recipe-sysroot-native/usr/i586-poky-linux/bin\"" -DTOOLLIBDIR="\"/home/build/build/tmp/work/x86_64-linux/binutils-cross-i586/2.30-r0/recipe-sysroot-native/usr/i586-poky-linux/lib\""  -isystem/home/build/build/tmp/work/x86_64-linux/binutils-cross-i586/2.30-r0/recipe-sysroot-native/usr/include -W -Wall    -Wstack-usage=262144 -D_LARGEFILE_SOURCE -D_FILE_OFFSET_BITS=64 -frandom-seed=s390.o -I../../gold/../zlib -isystem/home/build/build/tmp/work/x86_64-linux/binutils-cross-i586/2.30-r0/recipe-sysroot-native/usr/include -O2 -pipe -c -o s390.o ../../gold/s390.cc
g++  -DHAVE_CONFIG_H -I. -I../../gold  -I../../gold -I../../gold/../include -I../../gold/../elfcpp -DLOCALEDIR="\"/home/build/build/tmp/work/x86_64-linux/binutils-cross-i586/2.30-r0/recipe-sysroot-native/usr/share/locale\"" -DBINDIR="\"/home/build/build/tmp/work/x86_64-linux/binutils-cross-i586/2.30-r0/recipe-sysroot-native/usr/bin/i586-poky-linux\"" -DTOOLBINDIR="\"/home/build/build/tmp/work/x86_64-linux/binutils-cross-i586/2.30-r0/recipe-sysroot-native/usr/i586-poky-linux/bin\"" -DTOOLLIBDIR="\"/home/build/build/tmp/work/x86_64-linux/binutils-cross-i586/2.30-r0/recipe-sysroot-native/usr/i586-poky-linux/lib\""  -isystem/home/build/build/tmp/work/x86_64-linux/binutils-cross-i586/2.30-r0/recipe-sysroot-native/usr/include -W -Wall    -Wstack-usage=262144 -D_LARGEFILE_SOURCE -D_FILE_OFFSET_BITS=64 -frandom-seed=incremental-dump.o -I../../gold/../zlib -isystem/home/build/build/tmp/work/x86_64-linux/binutils-cross-i586/2.30-r0/recipe-sysroot-native/usr/include -O2 -pipe -c -o incremental-dump.o ../../gold/incremental-dump.cc
g++  -DHAVE_CONFIG_H -I. -I../../gold  -I../../gold -I../../gold/../include -I../../gold/../elfcpp -DLOCALEDIR="\"/home/build/build/tmp/work/x86_64-linux/binutils-cross-i586/2.30-r0/recipe-sysroot-native/usr/share/locale\"" -DBINDIR="\"/home/build/build/tmp/work/x86_64-linux/binutils-cross-i586/2.30-r0/recipe-sysroot-native/usr/bin/i586-poky-linux\"" -DTOOLBINDIR="\"/home/build/build/tmp/work/x86_64-linux/binutils-cross-i586/2.30-r0/recipe-sysroot-native/usr/i586-poky-linux/bin\"" -DTOOLLIBDIR="\"/home/build/build/tmp/work/x86_64-linux/binutils-cross-i586/2.30-r0/recipe-sysroot-native/usr/i586-poky-linux/lib\""  -isystem/home/build/build/tmp/work/x86_64-linux/binutils-cross-i586/2.30-r0/recipe-sysroot-native/usr/include -W -Wall    -Wstack-usage=262144 -D_LARGEFILE_SOURCE -D_FILE_OFFSET_BITS=64 -frandom-seed=expression.o -I../../gold/../zlib -isystem/home/build/build/tmp/work/x86_64-linux/binutils-cross-i586/2.30-r0/recipe-sysroot-native/usr/include -O2 -pipe -c -o expression.o ../../gold/expression.cc
g++  -DHAVE_CONFIG_H -I. -I../../gold  -I../../gold -I../../gold/../include -I../../gold/../elfcpp -DLOCALEDIR="\"/home/build/build/tmp/work/x86_64-linux/binutils-cross-i586/2.30-r0/recipe-sysroot-native/usr/share/locale\"" -DBINDIR="\"/home/build/build/tmp/work/x86_64-linux/binutils-cross-i586/2.30-r0/recipe-sysroot-native/usr/bin/i586-poky-linux\"" -DTOOLBINDIR="\"/home/build/build/tmp/work/x86_64-linux/binutils-cross-i586/2.30-r0/recipe-sysroot-native/usr/i586-poky-linux/bin\"" -DTOOLLIBDIR="\"/home/build/build/tmp/work/x86_64-linux/binutils-cross-i586/2.30-r0/recipe-sysroot-native/usr/i586-poky-linux/lib\""  -isystem/home/build/build/tmp/work/x86_64-linux/binutils-cross-i586/2.30-r0/recipe-sysroot-native/usr/include -W -Wall    -Wstack-usage=262144 -D_LARGEFILE_SOURCE -D_FILE_OFFSET_BITS=64 -frandom-seed=script-sections.o -I../../gold/../zlib -isystem/home/build/build/tmp/work/x86_64-linux/binutils-cross-i586/2.30-r0/recipe-sysroot-native/usr/include -O2 -pipe -c -o script-sections.o ../../gold/script-sections.cc
g++  -DHAVE_CONFIG_H -I. -I../../gold  -I../../gold -I../../gold/../include -I../../gold/../elfcpp -DLOCALEDIR="\"/home/build/build/tmp/work/x86_64-linux/binutils-cross-i586/2.30-r0/recipe-sysroot-native/usr/share/locale\"" -DBINDIR="\"/home/build/build/tmp/work/x86_64-linux/binutils-cross-i586/2.30-r0/recipe-sysroot-native/usr/bin/i586-poky-linux\"" -DTOOLBINDIR="\"/home/build/build/tmp/work/x86_64-linux/binutils-cross-i586/2.30-r0/recipe-sysroot-native/usr/i586-poky-linux/bin\"" -DTOOLLIBDIR="\"/home/build/build/tmp/work/x86_64-linux/binutils-cross-i586/2.30-r0/recipe-sysroot-native/usr/i586-poky-linux/lib\""  -isystem/home/build/build/tmp/work/x86_64-linux/binutils-cross-i586/2.30-r0/recipe-sysroot-native/usr/include -W -Wall    -Wstack-usage=262144 -D_LARGEFILE_SOURCE -D_FILE_OFFSET_BITS=64 -frandom-seed=script.o -I../../gold/../zlib -isystem/home/build/build/tmp/work/x86_64-linux/binutils-cross-i586/2.30-r0/recipe-sysroot-native/usr/include -O2 -pipe -c -o script.o ../../gold/script.cc
rm -f libgold.a
ar cru libgold.a archive.o attributes.o binary.o common.o compressed_output.o copy-relocs.o cref.o defstd.o descriptors.o dirsearch.o dynobj.o dwarf_reader.o ehframe.o errors.o expression.o fileread.o gc.o gdb-index.o gold.o gold-threads.o icf.o incremental.o int_encoding.o layout.o mapfile.o merge.o nacl.o object.o options.o output.o parameters.o plugin.o readsyms.o reduced_debug_output.o reloc.o resolve.o script-sections.o script.o stringpool.o symtab.o target.o target-select.o timer.o version.o workqueue.o workqueue-threads.o  yyscript.o  
ar: `u' modifier ignored since `D' is the default (see `U')
ranlib libgold.a
g++  -W -Wall    -Wstack-usage=262144 -D_LARGEFILE_SOURCE -D_FILE_OFFSET_BITS=64 -frandom-seed=dwp -I../../gold/../zlib -isystem/home/build/build/tmp/work/x86_64-linux/binutils-cross-i586/2.30-r0/recipe-sysroot-native/usr/include -O2 -pipe  -static-libstdc++ -static-libgcc -L/home/build/build/tmp/work/x86_64-linux/binutils-cross-i586/2.30-r0/recipe-sysroot-native/usr/lib -L/home/build/build/tmp/work/x86_64-linux/binutils-cross-i586/2.30-r0/recipe-sysroot-native/lib -Wl,-rpath-link,/home/build/build/tmp/work/x86_64-linux/binutils-cross-i586/2.30-r0/recipe-sysroot-native/usr/lib -Wl,-rpath-link,/home/build/build/tmp/work/x86_64-linux/binutils-cross-i586/2.30-r0/recipe-sysroot-native/lib -Wl,-rpath,/home/build/build/tmp/work/x86_64-linux/binutils-cross-i586/2.30-r0/recipe-sysroot-native/usr/lib -Wl,-rpath,/home/build/build/tmp/work/x86_64-linux/binutils-cross-i586/2.30-r0/recipe-sysroot-native/lib -Wl,-O1 -Wl,--allow-shlib-undefined -Wl,--dynamic-linker=/home/build/build/tmp/sysroots-uninative/x86_64-linux/lib/ld-linux-x86-64.so.2 -o dwp dwp.o libgold.a ../libiberty/libiberty.a   -lpthread -ldl -L./../zlib -lz -ldl 
g++  -W -Wall    -Wstack-usage=262144 -D_LARGEFILE_SOURCE -D_FILE_OFFSET_BITS=64 -frandom-seed=incremental-dump -I../../gold/../zlib -isystem/home/build/build/tmp/work/x86_64-linux/binutils-cross-i586/2.30-r0/recipe-sysroot-native/usr/include -O2 -pipe  -static-libstdc++ -static-libgcc -L/home/build/build/tmp/work/x86_64-linux/binutils-cross-i586/2.30-r0/recipe-sysroot-native/usr/lib -L/home/build/build/tmp/work/x86_64-linux/binutils-cross-i586/2.30-r0/recipe-sysroot-native/lib -Wl,-rpath-link,/home/build/build/tmp/work/x86_64-linux/binutils-cross-i586/2.30-r0/recipe-sysroot-native/usr/lib -Wl,-rpath-link,/home/build/build/tmp/work/x86_64-linux/binutils-cross-i586/2.30-r0/recipe-sysroot-native/lib -Wl,-rpath,/home/build/build/tmp/work/x86_64-linux/binutils-cross-i586/2.30-r0/recipe-sysroot-native/usr/lib -Wl,-rpath,/home/build/build/tmp/work/x86_64-linux/binutils-cross-i586/2.30-r0/recipe-sysroot-native/lib -Wl,-O1 -Wl,--allow-shlib-undefined -Wl,--dynamic-linker=/home/build/build/tmp/sysroots-uninative/x86_64-linux/lib/ld-linux-x86-64.so.2 -o incremental-dump incremental-dump.o i386.o x86_64.o sparc.o powerpc.o arm.o arm-reloc-property.o tilegx.o mips.o aarch64.o aarch64-reloc-property.o s390.o libgold.a ../libiberty/libiberty.a  -lpthread -ldl -L./../zlib -lz -ldl 
g++  -W -Wall    -Wstack-usage=262144 -D_LARGEFILE_SOURCE -D_FILE_OFFSET_BITS=64 -frandom-seed=ld-new -I../../gold/../zlib -isystem/home/build/build/tmp/work/x86_64-linux/binutils-cross-i586/2.30-r0/recipe-sysroot-native/usr/include -O2 -pipe  -static-libstdc++ -static-libgcc -L/home/build/build/tmp/work/x86_64-linux/binutils-cross-i586/2.30-r0/recipe-sysroot-native/usr/lib -L/home/build/build/tmp/work/x86_64-linux/binutils-cross-i586/2.30-r0/recipe-sysroot-native/lib -Wl,-rpath-link,/home/build/build/tmp/work/x86_64-linux/binutils-cross-i586/2.30-r0/recipe-sysroot-native/usr/lib -Wl,-rpath-link,/home/build/build/tmp/work/x86_64-linux/binutils-cross-i586/2.30-r0/recipe-sysroot-native/lib -Wl,-rpath,/home/build/build/tmp/work/x86_64-linux/binutils-cross-i586/2.30-r0/recipe-sysroot-native/usr/lib -Wl,-rpath,/home/build/build/tmp/work/x86_64-linux/binutils-cross-i586/2.30-r0/recipe-sysroot-native/lib -Wl,-O1 -Wl,--allow-shlib-undefined -Wl,--dynamic-linker=/home/build/build/tmp/sysroots-uninative/x86_64-linux/lib/ld-linux-x86-64.so.2 -o ld-new main.o i386.o x86_64.o sparc.o powerpc.o arm.o arm-reloc-property.o tilegx.o mips.o aarch64.o aarch64-reloc-property.o s390.o libgold.a ../libiberty/libiberty.a   -lpthread -ldl -L./../zlib -lz -ldl 
make[4]: Leaving directory '/home/build/build/tmp/work/x86_64-linux/binutils-cross-i586/2.30-r0/git/build.x86_64-linux.i586-poky-linux/gold'
make[3]: Leaving directory '/home/build/build/tmp/work/x86_64-linux/binutils-cross-i586/2.30-r0/git/build.x86_64-linux.i586-poky-linux/gold'
make[2]: Leaving directory '/home/build/build/tmp/work/x86_64-linux/binutils-cross-i586/2.30-r0/git/build.x86_64-linux.i586-poky-linux/gold'
make[1]: Leaving directory '/home/build/build/tmp/work/x86_64-linux/binutils-cross-i586/2.30-r0/git/build.x86_64-linux.i586-poky-linux'
Makefile:849: recipe for target 'all' failed
make: *** [all] Error 2
ERROR: oe_runmake failed
WARNING: /home/build/build/tmp/work/x86_64-linux/binutils-cross-i586/2.30-r0/temp/run.do_compile.75878:1 exit 1 from 'exit 1'
ERROR: Function failed: do_compile (log file is located at /home/build/build/tmp/work/x86_64-linux/binutils-cross-i586/2.30-r0/temp/log.do_compile.75878)
build@f4f2169c4a66:~$ /home/build/build/tmp/work/x86_64-linux/binutils-cross-i586/2.30-r0/temp/log.do_compile.75878^C
build@f4f2169c4a66:~$ which bitbake
build@f4f2169c4a66:~$ ls
build                Dockerfile         meta-openembedded  README.md
build.sh             meta-gstreamer1.0  meta-webkit
docker-compose.yaml  meta-intel         poky
build@f4f2169c4a66:~$ ls
build                Dockerfile         meta-openembedded  README.md
build.sh             meta-gstreamer1.0  meta-webkit
docker-compose.yaml  meta-intel         poky
build@f4f2169c4a66:~$ cd build
build@f4f2169c4a66:~/build$ ls
bitbake-cookerdaemon.log  cache  conf  downloads  sstate-cache  tmp
build@f4f2169c4a66:~/build$ rm -rf cache downlaods sstate-cache tmp
build@f4f2169c4a66:~/build$ ls
bitbake-cookerdaemon.log  conf  downloads
build@f4f2169c4a66:~/build$ rm -rf downloads
build@f4f2169c4a66:~/build$ ls
bitbake-cookerdaemon.log  conf
build@f4f2169c4a66:~/build$ rm bitbake-cookerdaemon.log 
build@f4f2169c4a66:~/build$ cd ..
build@f4f2169c4a66:~$ ls
build                Dockerfile         meta-openembedded  README.md
build.sh             meta-gstreamer1.0  meta-webkit
docker-compose.yaml  meta-intel         poky
build@f4f2169c4a66:~$ bash build.sh

### Shell environment set up for builds. ###

You can now run 'bitbake <target>'

Common targets are:
    core-image-minimal
    core-image-sato
    meta-toolchain
    meta-ide-support

You can also run generated qemu images with a command like 'runqemu qemux86'
Parsing recipes: 100% |########################################| Time: 0:00:58
Parsing of 1909 .bb files complete (0 cached, 1909 parsed). 2765 targets, 83 skipped, 0 masked, 0 errors.
NOTE: Resolving any missing task queue dependencies

Build Configuration:
BB_VERSION           = "1.38.0"
BUILD_SYS            = "x86_64-linux"
NATIVELSBSTRING      = "ubuntu-16.04"
TARGET_SYS           = "i586-poky-linux"
MACHINE              = "qemux86"
DISTRO               = "poky"
DISTRO_VERSION       = "2.5.3"
TUNE_FEATURES        = "m32 i586"
TARGET_FPU           = ""
meta                 
meta-poky            
meta-yocto-bsp       = "HEAD:5ddf7fff992b065ee512878d2fe65f3e35d818cf"
meta-oe              
meta-python          = "HEAD:8760facba1bceb299b3613b8955621ddaa3d4c3f"
meta-gstreamer1.0    = "HEAD:59dfad71768cf53f7863cbe53432cbb77a25a6ee"
meta-intel           = "HEAD:ba5f7ecd26630b74b6338c1828847a64ab172453"
meta-webkit          = "HEAD:0fd8a2eeb86b97799b22f5e5be03bd8132d8eeda"

NOTE: Fetching uninative binary shim from http://downloads.yoctoproject.org/releases/uninative/2.4/x86_64-nativesdk-libc.tar.bz2;sha256sum=06f91685b782f2ccfedf3070b3ba0fe4a5ba2f0766dad5c9d1642dccf95accd0
Initialising tasks: 100% |#####################################| Time: 0:00:05
NOTE: Executing SetScene Tasks
NOTE: Executing RunQueue Tasks
WARNING: mesa-2_17.3.8-r0 do_fetch: Failed to fetch URL https://mesa.freedesktop.org/archive/mesa-17.3.8.tar.xz, attempting MIRRORS if available
ERROR: core-image-weston-1.0-r0 do_rootfs: Could not invoke dnf. Command '/home/build/build/tmp/work/qemux86-poky-linux/core-image-weston/1.0-r0/recipe-sysroot-native/usr/bin/dnf -y -c /home/build/build/tmp/work/qemux86-poky-linux/core-image-weston/1.0-r0/rootfs/etc/dnf/dnf.conf --setopt=reposdir=/home/build/build/tmp/work/qemux86-poky-linux/core-image-weston/1.0-r0/rootfs/etc/yum.repos.d --repofrompath=oe-repo,/home/build/build/tmp/work/qemux86-poky-linux/core-image-weston/1.0-r0/oe-rootfs-repo --installroot=/home/build/build/tmp/work/qemux86-poky-linux/core-image-weston/1.0-r0/rootfs --setopt=logdir=/home/build/build/tmp/work/qemux86-poky-linux/core-image-weston/1.0-r0/temp --nogpgcheck install locale-base-en-us locale-base-en-gb weston cog weston-xwayland gtk+3-demo libclutter-1.0-examples run-postinsts weston-init matchbox-terminal rpm packagegroup-core-boot weston-examples psplash packagegroup-base-extended dnf packagegroup-core-ssh-dropbear wpewebkit' returned 1:
Added oe-repo repo from /home/build/build/tmp/work/qemux86-poky-linux/core-image-weston/1.0-r0/oe-rootfs-repo
Last metadata expiration check: 0:00:01 ago on Sat 17 Aug 2019 03:37:46 AM UTC.
Error: 
 Problem: package libwpebackend-mesa0-git-r0.i586 requires libWPEBackend-0.1.so.0, but none of the providers can be installed
  - package wpewebkit-2.22.5-r0.i586 conflicts with wpebackend < 1.0 provided by libwpebackend-0.1-0-0.2.0-r0.i586
  - package cog-0.2.0-r0.i586 requires virtual/wpebackend, but none of the providers can be installed
  - conflicting requests
(try to add '--allowerasing' to command line to replace conflicting packages or '--skip-broken' to skip uninstallable packages)

ERROR: core-image-weston-1.0-r0 do_rootfs: Function failed: do_rootfs
ERROR: Logfile of failure stored in: /home/build/build/tmp/work/qemux86-poky-linux/core-image-weston/1.0-r0/temp/log.do_rootfs.61731
ERROR: Task (/home/build/poky/meta/recipes-graphics/images/core-image-weston.bb:do_rootfs) failed with exit code '1'
NOTE: Tasks Summary: Attempted 5559 tasks of which 5 didn't need to be rerun and 1 failed.

Summary: 1 task failed:
  /home/build/poky/meta/recipes-graphics/images/core-image-weston.bb:do_rootfs
Summary: There was 1 WARNING message shown.
Summary: There were 2 ERROR messages shown, returning a non-zero exit code